#
# There is insufficient memory for the Java Runtime Environment to continue.
# Native memory allocation (malloc) failed to allocate 2102591488 bytes for committing reserved memory.
# Possible reasons:
#   The system is out of physical RAM or swap space
#   In 32 bit mode, the process size limit was hit
# Possible solutions:
#   Reduce memory load on the system
#   Increase physical memory or swap space
#   Check if swap backing store is full
#   Use 64 bit Java on a 64 bit OS
#   Decrease Java heap size (-Xmx/-Xms)
#   Decrease number of Java threads
#   Decrease Java thread stack sizes (-Xss)
#   Set larger code cache with -XX:ReservedCodeCacheSize=
# This output file may be truncated or incomplete.
#
#  Out of Memory Error (os_linux.cpp:2827), pid=11137, tid=140484309182208
#
# JRE version:  (7.0_91-b02) (build )
# Java VM: OpenJDK 64-Bit Server VM (24.91-b01 mixed mode linux-amd64 )
# Derivative: IcedTea 2.6.3
# Distribution: Ubuntu 14.04 LTS, package 7u91-2.6.3-0ubuntu0.14.04.1
# Failed to write core dump. Core dumps have been disabled. To enable core dumping, try "ulimit -c unlimited" before starting Java again
#

---------------  T H R E A D  ---------------

Current thread (0x00007fc50400a000):  JavaThread "Unknown thread" [_thread_in_vm, id=11138, stack(0x00007fc50d486000,0x00007fc50d587000)]

Stack: [0x00007fc50d486000,0x00007fc50d587000],  sp=0x00007fc50d5854a0,  free space=1021k
Native frames: (J=compiled Java code, j=interpreted, Vv=VM code, C=native code)
V  [libjvm.so+0x953e15]  VMError::report_and_die()+0x175
V  [libjvm.so+0x48fd94]  report_vm_out_of_memory(char const*, int, unsigned long, char const*)+0x74
V  [libjvm.so+0x7cf87b]  os::pd_commit_memory(char*, unsigned long, unsigned long, bool)+0xeb
V  [libjvm.so+0x7ca33f]  os::commit_memory(char*, unsigned long, unsigned long, bool)+0x1f
V  [libjvm.so+0x83dacb]  PSVirtualSpace::expand_by(unsigned long)+0x5b
V  [libjvm.so+0x7e9095]  ParMarkBitMap::initialize(MemRegion)+0x1e5
V  [libjvm.so+0x836b20]  PSParallelCompact::initialize()+0x1a0
V  [libjvm.so+0x7f1145]  ParallelScavengeHeap::initialize()+0x805
V  [libjvm.so+0x9247b7]  Universe::initialize_heap()+0xc7
V  [libjvm.so+0x924ae7]  universe_init()+0x67
V  [libjvm.so+0x5a2dd5]  init_globals()+0x55
V  [libjvm.so+0x90a4cf]  Threads::create_vm(JavaVMInitArgs*, bool*)+0x35f
V  [libjvm.so+0x60e834]  JNI_CreateJavaVM+0x54
C  [libjli.so+0x2b48]


---------------  P R O C E S S  ---------------

Java Threads: ( => current thread )

Other Threads:

=>0x00007fc50400a000 (exited) JavaThread "Unknown thread" [_thread_in_vm, id=11138, stack(0x00007fc50d486000,0x00007fc50d587000)]

VM state:not at safepoint (not fully initialized)

VM Mutex/Monitor currently owned by a thread: None

GC Heap History (0 events):
No events

Deoptimization events (0 events):
No events

Internal exceptions (0 events):
No events

Events (0 events):
No events


Dynamic libraries:
00400000-00401000 r-xp 00000000 08:05 286538                             /usr/lib/jvm/java-7-openjdk-amd64/jre/bin/java
00600000-00601000 r--p 00000000 08:05 286538                             /usr/lib/jvm/java-7-openjdk-amd64/jre/bin/java
00601000-00602000 rw-p 00001000 08:05 286538                             /usr/lib/jvm/java-7-openjdk-amd64/jre/bin/java
01afb000-01b1c000 rw-p 00000000 00:00 0                                  [heap]
7fb52c000000-7fb52c021000 rw-p 00000000 00:00 0 
7fb52c021000-7fb530000000 ---p 00000000 00:00 0 
7fb534000000-7fb534021000 rw-p 00000000 00:00 0 
7fb534021000-7fb538000000 ---p 00000000 00:00 0 
7fb53c000000-7fb53c021000 rw-p 00000000 00:00 0 
7fb53c021000-7fb540000000 ---p 00000000 00:00 0 
7fb544000000-7fb544021000 rw-p 00000000 00:00 0 
7fb544021000-7fb548000000 ---p 00000000 00:00 0 
7fb549956000-7fb54996a000 rw-p 00000000 00:00 0 
7fb54996a000-7fb54ecac000 rw-p 00000000 00:00 0 
7fb54ecac000-7fb54ecb7000 rw-p 00000000 00:00 0 
7fb54ecb7000-7fb54ecff000 rw-p 00000000 00:00 0 
7fb54ecff000-7fb54ed13000 rw-p 00000000 00:00 0 
7fb54ed13000-7fb554054000 rw-p 00000000 00:00 0 
7fb554054000-7fb55405f000 rw-p 00000000 00:00 0 
7fb55405f000-7fb5569ff000 rw-p 00000000 00:00 0 
7fb5569ff000-7fb557f00000 rw-p 00000000 00:00 0 
7fb557f00000-7fb561000000 rw-p 00000000 00:00 0 
7fb561000000-7fb563800000 rw-p 00000000 00:00 0 
7fb563800000-7fbfcba80000 rw-p 00000000 00:00 0 
7fbfcba80000-7fbfcce80000 rw-p 00000000 00:00 0 
7fbfcce80000-7fc501000000 rw-p 00000000 00:00 0 
7fc501000000-7fc501270000 rwxp 00000000 00:00 0 
7fc501270000-7fc50402e000 rw-p 00000000 00:00 0 
7fc50402e000-7fc508000000 ---p 00000000 00:00 0 
7fc509a2a000-7fc509c65000 rw-p 00000000 00:00 0 
7fc509c65000-7fc509c66000 ---p 00000000 00:00 0 
7fc509c66000-7fc509d66000 rw-p 00000000 00:00 0                          [stack:11142]
7fc509d66000-7fc509d67000 ---p 00000000 00:00 0 
7fc509d67000-7fc509e67000 rw-p 00000000 00:00 0                          [stack:11141]
7fc509e67000-7fc509e68000 ---p 00000000 00:00 0 
7fc509e68000-7fc509f68000 rw-p 00000000 00:00 0                          [stack:11140]
7fc509f68000-7fc509f69000 ---p 00000000 00:00 0 
7fc509f69000-7fc50a074000 rw-p 00000000 00:00 0                          [stack:11139]
7fc50a074000-7fc50a0bc000 rw-p 00000000 00:00 0 
7fc50a0bc000-7fc50a0c4000 r-xp 00000000 08:05 286572                     /usr/lib/jvm/java-7-openjdk-amd64/jre/lib/amd64/libzip.so
7fc50a0c4000-7fc50a2c3000 ---p 00008000 08:05 286572                     /usr/lib/jvm/java-7-openjdk-amd64/jre/lib/amd64/libzip.so
7fc50a2c3000-7fc50a2c4000 r--p 00007000 08:05 286572                     /usr/lib/jvm/java-7-openjdk-amd64/jre/lib/amd64/libzip.so
7fc50a2c4000-7fc50a2c5000 rw-p 00008000 08:05 286572                     /usr/lib/jvm/java-7-openjdk-amd64/jre/lib/amd64/libzip.so
7fc50a2c5000-7fc50a2d0000 r-xp 00000000 08:05 918780                     /lib/x86_64-linux-gnu/libnss_files-2.19.so
7fc50a2d0000-7fc50a4cf000 ---p 0000b000 08:05 918780                     /lib/x86_64-linux-gnu/libnss_files-2.19.so
7fc50a4cf000-7fc50a4d0000 r--p 0000a000 08:05 918780                     /lib/x86_64-linux-gnu/libnss_files-2.19.so
7fc50a4d0000-7fc50a4d1000 rw-p 0000b000 08:05 918780                     /lib/x86_64-linux-gnu/libnss_files-2.19.so
7fc50a4d1000-7fc50a4dc000 r-xp 00000000 08:05 918790                     /lib/x86_64-linux-gnu/libnss_nis-2.19.so
7fc50a4dc000-7fc50a6db000 ---p 0000b000 08:05 918790                     /lib/x86_64-linux-gnu/libnss_nis-2.19.so
7fc50a6db000-7fc50a6dc000 r--p 0000a000 08:05 918790                     /lib/x86_64-linux-gnu/libnss_nis-2.19.so
7fc50a6dc000-7fc50a6dd000 rw-p 0000b000 08:05 918790                     /lib/x86_64-linux-gnu/libnss_nis-2.19.so
7fc50a6dd000-7fc50a6f4000 r-xp 00000000 08:05 918774                     /lib/x86_64-linux-gnu/libnsl-2.19.so
7fc50a6f4000-7fc50a8f3000 ---p 00017000 08:05 918774                     /lib/x86_64-linux-gnu/libnsl-2.19.so
7fc50a8f3000-7fc50a8f4000 r--p 00016000 08:05 918774                     /lib/x86_64-linux-gnu/libnsl-2.19.so
7fc50a8f4000-7fc50a8f5000 rw-p 00017000 08:05 918774                     /lib/x86_64-linux-gnu/libnsl-2.19.so
7fc50a8f5000-7fc50a8f7000 rw-p 00000000 00:00 0 
7fc50a8f7000-7fc50a900000 r-xp 00000000 08:05 918776                     /lib/x86_64-linux-gnu/libnss_compat-2.19.so
7fc50a900000-7fc50aaff000 ---p 00009000 08:05 918776                     /lib/x86_64-linux-gnu/libnss_compat-2.19.so
7fc50aaff000-7fc50ab00000 r--p 00008000 08:05 918776                     /lib/x86_64-linux-gnu/libnss_compat-2.19.so
7fc50ab00000-7fc50ab01000 rw-p 00009000 08:05 918776                     /lib/x86_64-linux-gnu/libnss_compat-2.19.so
7fc50ab01000-7fc50ab2c000 r-xp 00000000 08:05 286580                     /usr/lib/jvm/java-7-openjdk-amd64/jre/lib/amd64/libjava.so
7fc50ab2c000-7fc50ad2c000 ---p 0002b000 08:05 286580                     /usr/lib/jvm/java-7-openjdk-amd64/jre/lib/amd64/libjava.so
7fc50ad2c000-7fc50ad2d000 r--p 0002b000 08:05 286580                     /usr/lib/jvm/java-7-openjdk-amd64/jre/lib/amd64/libjava.so
7fc50ad2d000-7fc50ad2f000 rw-p 0002c000 08:05 286580                     /usr/lib/jvm/java-7-openjdk-amd64/jre/lib/amd64/libjava.so
7fc50ad2f000-7fc50ad3f000 r-xp 00000000 08:05 286596                     /usr/lib/jvm/java-7-openjdk-amd64/jre/lib/amd64/libverify.so
7fc50ad3f000-7fc50af3e000 ---p 00010000 08:05 286596                     /usr/lib/jvm/java-7-openjdk-amd64/jre/lib/amd64/libverify.so
7fc50af3e000-7fc50af40000 r--p 0000f000 08:05 286596                     /usr/lib/jvm/java-7-openjdk-amd64/jre/lib/amd64/libverify.so
7fc50af40000-7fc50af41000 rw-p 00011000 08:05 286596                     /usr/lib/jvm/java-7-openjdk-amd64/jre/lib/amd64/libverify.so
7fc50af41000-7fc50af48000 r-xp 00000000 08:05 918833                     /lib/x86_64-linux-gnu/librt-2.19.so
7fc50af48000-7fc50b147000 ---p 00007000 08:05 918833                     /lib/x86_64-linux-gnu/librt-2.19.so
7fc50b147000-7fc50b148000 r--p 00006000 08:05 918833                     /lib/x86_64-linux-gnu/librt-2.19.so
7fc50b148000-7fc50b149000 rw-p 00007000 08:05 918833                     /lib/x86_64-linux-gnu/librt-2.19.so
7fc50b149000-7fc50b15f000 r-xp 00000000 08:05 918732                     /lib/x86_64-linux-gnu/libgcc_s.so.1
7fc50b15f000-7fc50b35e000 ---p 00016000 08:05 918732                     /lib/x86_64-linux-gnu/libgcc_s.so.1
7fc50b35e000-7fc50b35f000 rw-p 00015000 08:05 918732                     /lib/x86_64-linux-gnu/libgcc_s.so.1
7fc50b35f000-7fc50b464000 r-xp 00000000 08:05 918755                     /lib/x86_64-linux-gnu/libm-2.19.so
7fc50b464000-7fc50b663000 ---p 00105000 08:05 918755                     /lib/x86_64-linux-gnu/libm-2.19.so
7fc50b663000-7fc50b664000 r--p 00104000 08:05 918755                     /lib/x86_64-linux-gnu/libm-2.19.so
7fc50b664000-7fc50b665000 rw-p 00105000 08:05 918755                     /lib/x86_64-linux-gnu/libm-2.19.so
7fc50b665000-7fc50b74b000 r-xp 00000000 08:05 272722                     /usr/lib/x86_64-linux-gnu/libstdc++.so.6.0.19
7fc50b74b000-7fc50b94a000 ---p 000e6000 08:05 272722                     /usr/lib/x86_64-linux-gnu/libstdc++.so.6.0.19
7fc50b94a000-7fc50b952000 r--p 000e5000 08:05 272722                     /usr/lib/x86_64-linux-gnu/libstdc++.so.6.0.19
7fc50b952000-7fc50b954000 rw-p 000ed000 08:05 272722                     /usr/lib/x86_64-linux-gnu/libstdc++.so.6.0.19
7fc50b954000-7fc50b969000 rw-p 00000000 00:00 0 
7fc50b969000-7fc50c48d000 r-xp 00000000 08:05 286587                     /usr/lib/jvm/java-7-openjdk-amd64/jre/lib/amd64/server/libjvm.so
7fc50c48d000-7fc50c68d000 ---p 00b24000 08:05 286587                     /usr/lib/jvm/java-7-openjdk-amd64/jre/lib/amd64/server/libjvm.so
7fc50c68d000-7fc50c727000 r--p 00b24000 08:05 286587                     /usr/lib/jvm/java-7-openjdk-amd64/jre/lib/amd64/server/libjvm.so
7fc50c727000-7fc50c74a000 rw-p 00bbe000 08:05 286587                     /usr/lib/jvm/java-7-openjdk-amd64/jre/lib/amd64/server/libjvm.so
7fc50c74a000-7fc50c778000 rw-p 00000000 00:00 0 
7fc50c778000-7fc50c790000 r-xp 00000000 08:05 918868                     /lib/x86_64-linux-gnu/libz.so.1.2.8
7fc50c790000-7fc50c98f000 ---p 00018000 08:05 918868                     /lib/x86_64-linux-gnu/libz.so.1.2.8
7fc50c98f000-7fc50c990000 r--p 00017000 08:05 918868                     /lib/x86_64-linux-gnu/libz.so.1.2.8
7fc50c990000-7fc50c991000 rw-p 00018000 08:05 918868                     /lib/x86_64-linux-gnu/libz.so.1.2.8
7fc50c991000-7fc50c9aa000 r-xp 00000000 08:05 918825                     /lib/x86_64-linux-gnu/libpthread-2.19.so
7fc50c9aa000-7fc50cba9000 ---p 00019000 08:05 918825                     /lib/x86_64-linux-gnu/libpthread-2.19.so
7fc50cba9000-7fc50cbaa000 r--p 00018000 08:05 918825                     /lib/x86_64-linux-gnu/libpthread-2.19.so
7fc50cbaa000-7fc50cbab000 rw-p 00019000 08:05 918825                     /lib/x86_64-linux-gnu/libpthread-2.19.so
7fc50cbab000-7fc50cbaf000 rw-p 00000000 00:00 0 
7fc50cbaf000-7fc50cbb2000 r-xp 00000000 08:05 918722                     /lib/x86_64-linux-gnu/libdl-2.19.so
7fc50cbb2000-7fc50cdb1000 ---p 00003000 08:05 918722                     /lib/x86_64-linux-gnu/libdl-2.19.so
7fc50cdb1000-7fc50cdb2000 r--p 00002000 08:05 918722                     /lib/x86_64-linux-gnu/libdl-2.19.so
7fc50cdb2000-7fc50cdb3000 rw-p 00003000 08:05 918722                     /lib/x86_64-linux-gnu/libdl-2.19.so
7fc50cdb3000-7fc50cf6e000 r-xp 00000000 08:05 918705                     /lib/x86_64-linux-gnu/libc-2.19.so
7fc50cf6e000-7fc50d16d000 ---p 001bb000 08:05 918705                     /lib/x86_64-linux-gnu/libc-2.19.so
7fc50d16d000-7fc50d171000 r--p 001ba000 08:05 918705                     /lib/x86_64-linux-gnu/libc-2.19.so
7fc50d171000-7fc50d173000 rw-p 001be000 08:05 918705                     /lib/x86_64-linux-gnu/libc-2.19.so
7fc50d173000-7fc50d178000 rw-p 00000000 00:00 0 
7fc50d178000-7fc50d185000 r-xp 00000000 08:05 286598                     /usr/lib/jvm/java-7-openjdk-amd64/jre/lib/amd64/jli/libjli.so
7fc50d185000-7fc50d384000 ---p 0000d000 08:05 286598                     /usr/lib/jvm/java-7-openjdk-amd64/jre/lib/amd64/jli/libjli.so
7fc50d384000-7fc50d385000 r--p 0000c000 08:05 286598                     /usr/lib/jvm/java-7-openjdk-amd64/jre/lib/amd64/jli/libjli.so
7fc50d385000-7fc50d386000 rw-p 0000d000 08:05 286598                     /usr/lib/jvm/java-7-openjdk-amd64/jre/lib/amd64/jli/libjli.so
7fc50d386000-7fc50d3a9000 r-xp 00000000 08:05 918681                     /lib/x86_64-linux-gnu/ld-2.19.so
7fc50d3c6000-7fc50d3d0000 rw-p 00000000 00:00 0 
7fc50d3d0000-7fc50d486000 rw-p 00000000 00:00 0 
7fc50d486000-7fc50d489000 ---p 00000000 00:00 0 
7fc50d489000-7fc50d58c000 rw-p 00000000 00:00 0                          [stack:11138]
7fc50d59a000-7fc50d59c000 rw-p 00000000 00:00 0 
7fc50d59c000-7fc50d5a4000 rw-s 00000000 08:05 941985                     /tmp/hsperfdata_ameen/11137
7fc50d5a4000-7fc50d5a5000 rw-p 00000000 00:00 0 
7fc50d5a5000-7fc50d5a6000 r--p 00000000 00:00 0 
7fc50d5a6000-7fc50d5a8000 rw-p 00000000 00:00 0 
7fc50d5a8000-7fc50d5a9000 r--p 00022000 08:05 918681                     /lib/x86_64-linux-gnu/ld-2.19.so
7fc50d5a9000-7fc50d5aa000 rw-p 00023000 08:05 918681                     /lib/x86_64-linux-gnu/ld-2.19.so
7fc50d5aa000-7fc50d5ab000 rw-p 00000000 00:00 0 
7ffe58f57000-7ffe58f79000 rw-p 00000000 00:00 0                          [stack]
7ffe58fbe000-7ffe58fc0000 r--p 00000000 00:00 0                          [vvar]
7ffe58fc0000-7ffe58fc2000 r-xp 00000000 00:00 0                          [vdso]
ffffffffff600000-ffffffffff601000 r-xp 00000000 00:00 0                  [vsyscall]

VM Arguments:
jvm_args: -Xmx64000m 
java_command: ../gnw-3.1.2b.jar --simulate -c settings.txt --input-net net9s.xml
Launcher Type: SUN_STANDARD

Environment Variables:
PATH=/home/ameen/torch/install/bin:/home/ameen/torch/install/bin:/home/ameen/torch/install/bin:/opt/OpenPrinting-Gutenprint/sbin:/opt/OpenPrinting-Gutenprint/bin:/usr/local/sbin:/usr/local/bin:/usr/sbin:/usr/bin:/sbin:/bin:/usr/games:/usr/local/games
LD_LIBRARY_PATH=/home/ameen/torch/install/lib:/home/ameen/torch/install/lib:/home/ameen/torch/install/lib:
SHELL=/bin/bash
DISPLAY=:0
DYLD_LIBRARY_PATH=/home/ameen/torch/install/lib:/home/ameen/torch/install/lib:/home/ameen/torch/install/lib:

Signal Handlers:
SIGSEGV: [libjvm.so+0x9548f0], sa_mask[0]=0x7ffbfeff, sa_flags=0x10000004
SIGBUS: [libjvm.so+0x9548f0], sa_mask[0]=0x7ffbfeff, sa_flags=0x10000004
SIGFPE: [libjvm.so+0x7cb0b0], sa_mask[0]=0x7ffbfeff, sa_flags=0x10000004
SIGPIPE: [libjvm.so+0x7cb0b0], sa_mask[0]=0x7ffbfeff, sa_flags=0x10000004
SIGXFSZ: [libjvm.so+0x7cb0b0], sa_mask[0]=0x7ffbfeff, sa_flags=0x10000004
SIGILL: [libjvm.so+0x7cb0b0], sa_mask[0]=0x7ffbfeff, sa_flags=0x10000004
SIGUSR1: SIG_DFL, sa_mask[0]=0x00000000, sa_flags=0x00000000
SIGUSR2: [libjvm.so+0x7caf50], sa_mask[0]=0x00000000, sa_flags=0x10000004
SIGHUP: SIG_DFL, sa_mask[0]=0x00000000, sa_flags=0x00000000
SIGINT: SIG_DFL, sa_mask[0]=0x00000000, sa_flags=0x00000000
SIGTERM: SIG_DFL, sa_mask[0]=0x00000000, sa_flags=0x00000000
SIGQUIT: SIG_DFL, sa_mask[0]=0x00000000, sa_flags=0x00000000
SIGTRAP: SIG_DFL, sa_mask[0]=0x00000000, sa_flags=0x00000000


---------------  S Y S T E M  ---------------

OS:Ubuntu 14.04 (trusty)
uname:Linux 3.19.0-25-generic #26~14.04.1-Ubuntu SMP Fri Jul 24 21:16:20 UTC 2015 x86_64
libc:glibc 2.19 NPTL 2.19 
rlimit: STACK 8192k, CORE 0k, NPROC 15256, NOFILE 4096, AS infinity
load average:0.70 0.51 0.48

/proc/meminfo:
MemTotal:        3927060 kB
MemFree:         1231804 kB
MemAvailable:    1947856 kB
Buffers:          124400 kB
Cached:          1169032 kB
SwapCached:            0 kB
Active:          1699000 kB
Inactive:         778860 kB
Active(anon):    1236024 kB
Inactive(anon):   402292 kB
Active(file):     462976 kB
Inactive(file):   376568 kB
Unevictable:         144 kB
Mlocked:             144 kB
SwapTotal:             0 kB
SwapFree:              0 kB
Dirty:               488 kB
Writeback:             0 kB
AnonPages:       1184496 kB
Mapped:           267444 kB
Shmem:            453836 kB
Slab:             128864 kB
SReclaimable:      90904 kB
SUnreclaim:        37960 kB
KernelStack:        7392 kB
PageTables:        32748 kB
NFS_Unstable:          0 kB
Bounce:                0 kB
WritebackTmp:          0 kB
CommitLimit:     1963528 kB
Committed_AS:    4378172 kB
VmallocTotal:   34359738367 kB
VmallocUsed:      348096 kB
VmallocChunk:   34359383516 kB
HardwareCorrupted:     0 kB
AnonHugePages:    782336 kB
CmaTotal:              0 kB
CmaFree:               0 kB
HugePages_Total:       0
HugePages_Free:        0
HugePages_Rsvd:        0
HugePages_Surp:        0
Hugepagesize:       2048 kB
DirectMap4k:      208512 kB
DirectMap2M:     3866624 kB


CPU:total 4 (2 cores per cpu, 2 threads per core) family 6 model 42 stepping 7, cmov, cx8, fxsr, mmx, sse, sse2, sse3, ssse3, sse4.1, sse4.2, popcnt, avx, aes, ht, tsc, tscinvbit

/proc/cpuinfo:
processor	: 0
vendor_id	: GenuineIntel
cpu family	: 6
model		: 42
model name	: Intel(R) Core(TM) i5-2520M CPU @ 2.50GHz
stepping	: 7
microcode	: 0x29
cpu MHz		: 896.875
cache size	: 3072 KB
physical id	: 0
siblings	: 4
core id		: 0
cpu cores	: 2
apicid		: 0
initial apicid	: 0
fpu		: yes
fpu_exception	: yes
cpuid level	: 13
wp		: yes
flags		: fpu vme de pse tsc msr pae mce cx8 apic sep mtrr pge mca cmov pat pse36 clflush dts acpi mmx fxsr sse sse2 ss ht tm pbe syscall nx rdtscp lm constant_tsc arch_perfmon pebs bts nopl xtopology nonstop_tsc aperfmperf eagerfpu pni pclmulqdq dtes64 monitor ds_cpl vmx smx est tm2 ssse3 cx16 xtpr pdcm pcid sse4_1 sse4_2 x2apic popcnt tsc_deadline_timer aes xsave avx lahf_lm ida arat epb pln pts dtherm tpr_shadow vnmi flexpriority ept vpid xsaveopt
bugs		:
bogomips	: 4983.80
clflush size	: 64
cache_alignment	: 64
address sizes	: 36 bits physical, 48 bits virtual
power management:

processor	: 1
vendor_id	: GenuineIntel
cpu family	: 6
model		: 42
model name	: Intel(R) Core(TM) i5-2520M CPU @ 2.50GHz
stepping	: 7
microcode	: 0x29
cpu MHz		: 883.007
cache size	: 3072 KB
physical id	: 0
siblings	: 4
core id		: 0
cpu cores	: 2
apicid		: 1
initial apicid	: 1
fpu		: yes
fpu_exception	: yes
cpuid level	: 13
wp		: yes
flags		: fpu vme de pse tsc msr pae mce cx8 apic sep mtrr pge mca cmov pat pse36 clflush dts acpi mmx fxsr sse sse2 ss ht tm pbe syscall nx rdtscp lm constant_tsc arch_perfmon pebs bts nopl xtopology nonstop_tsc aperfmperf eagerfpu pni pclmulqdq dtes64 monitor ds_cpl vmx smx est tm2 ssse3 cx16 xtpr pdcm pcid sse4_1 sse4_2 x2apic popcnt tsc_deadline_timer aes xsave avx lahf_lm ida arat epb pln pts dtherm tpr_shadow vnmi flexpriority ept vpid xsaveopt
bugs		:
bogomips	: 4983.80
clflush size	: 64
cache_alignment	: 64
address sizes	: 36 bits physical, 48 bits virtual
power management:

processor	: 2
vendor_id	: GenuineIntel
cpu family	: 6
model		: 42
model name	: Intel(R) Core(TM) i5-2520M CPU @ 2.50GHz
stepping	: 7
microcode	: 0x29
cpu MHz		: 819.824
cache size	: 3072 KB
physical id	: 0
siblings	: 4
core id		: 1
cpu cores	: 2
apicid		: 2
initial apicid	: 2
fpu		: yes
fpu_exception	: yes
cpuid level	: 13
wp		: yes
flags		: fpu vme de pse tsc msr pae mce cx8 apic sep mtrr pge mca cmov pat pse36 clflush dts acpi mmx fxsr sse sse2 ss ht tm pbe syscall nx rdtscp lm constant_tsc arch_perfmon pebs bts nopl xtopology nonstop_tsc aperfmperf eagerfpu pni pclmulqdq dtes64 monitor ds_cpl vmx smx est tm2 ssse3 cx16 xtpr pdcm pcid sse4_1 sse4_2 x2apic popcnt tsc_deadline_timer aes xsave avx lahf_lm ida arat epb pln pts dtherm tpr_shadow vnmi flexpriority ept vpid xsaveopt
bugs		:
bogomips	: 4983.80
clflush size	: 64
cache_alignment	: 64
address sizes	: 36 bits physical, 48 bits virtual
power management:

processor	: 3
vendor_id	: GenuineIntel
cpu family	: 6
model		: 42
model name	: Intel(R) Core(TM) i5-2520M CPU @ 2.50GHz
stepping	: 7
microcode	: 0x29
cpu MHz		: 815.527
cache size	: 3072 KB
physical id	: 0
siblings	: 4
core id		: 1
cpu cores	: 2
apicid		: 3
initial apicid	: 3
fpu		: yes
fpu_exception	: yes
cpuid level	: 13
wp		: yes
flags		: fpu vme de pse tsc msr pae mce cx8 apic sep mtrr pge mca cmov pat pse36 clflush dts acpi mmx fxsr sse sse2 ss ht tm pbe syscall nx rdtscp lm constant_tsc arch_perfmon pebs bts nopl xtopology nonstop_tsc aperfmperf eagerfpu pni pclmulqdq dtes64 monitor ds_cpl vmx smx est tm2 ssse3 cx16 xtpr pdcm pcid sse4_1 sse4_2 x2apic popcnt tsc_deadline_timer aes xsave avx lahf_lm ida arat epb pln pts dtherm tpr_shadow vnmi flexpriority ept vpid xsaveopt
bugs		:
bogomips	: 4983.80
clflush size	: 64
cache_alignment	: 64
address sizes	: 36 bits physical, 48 bits virtual
power management:



Memory: 4k page, physical 3927060k(1231804k free), swap 0k(0k free)

vm_info: OpenJDK 64-Bit Server VM (24.91-b01) for linux-amd64 JRE (1.7.0_91-b02), built on Nov 19 2015 06:14:37 by "buildd" with gcc 4.8.2

time: Tue Feb 23 11:49:38 2016
elapsed time: 0 seconds

