#
# There is insufficient memory for the Java Runtime Environment to continue.
# Native memory allocation (malloc) failed to allocate 2102591488 bytes for committing reserved memory.
# Possible reasons:
#   The system is out of physical RAM or swap space
#   In 32 bit mode, the process size limit was hit
# Possible solutions:
#   Reduce memory load on the system
#   Increase physical memory or swap space
#   Check if swap backing store is full
#   Use 64 bit Java on a 64 bit OS
#   Decrease Java heap size (-Xmx/-Xms)
#   Decrease number of Java threads
#   Decrease Java thread stack sizes (-Xss)
#   Set larger code cache with -XX:ReservedCodeCacheSize=
# This output file may be truncated or incomplete.
#
#  Out of Memory Error (os_linux.cpp:2827), pid=28601, tid=140656579299072
#
# JRE version:  (7.0_91-b02) (build )
# Java VM: OpenJDK 64-Bit Server VM (24.91-b01 mixed mode linux-amd64 )
# Derivative: IcedTea 2.6.3
# Distribution: Ubuntu 14.04 LTS, package 7u91-2.6.3-0ubuntu0.14.04.1
# Failed to write core dump. Core dumps have been disabled. To enable core dumping, try "ulimit -c unlimited" before starting Java again
#

---------------  T H R E A D  ---------------

Current thread (0x00007fed2000a000):  JavaThread "Unknown thread" [_thread_in_vm, id=28602, stack(0x00007fed2961c000,0x00007fed2971d000)]

Stack: [0x00007fed2961c000,0x00007fed2971d000],  sp=0x00007fed2971b4a0,  free space=1021k
Native frames: (J=compiled Java code, j=interpreted, Vv=VM code, C=native code)
V  [libjvm.so+0x953e15]  VMError::report_and_die()+0x175
V  [libjvm.so+0x48fd94]  report_vm_out_of_memory(char const*, int, unsigned long, char const*)+0x74
V  [libjvm.so+0x7cf87b]  os::pd_commit_memory(char*, unsigned long, unsigned long, bool)+0xeb
V  [libjvm.so+0x7ca33f]  os::commit_memory(char*, unsigned long, unsigned long, bool)+0x1f
V  [libjvm.so+0x83dacb]  PSVirtualSpace::expand_by(unsigned long)+0x5b
V  [libjvm.so+0x7e9095]  ParMarkBitMap::initialize(MemRegion)+0x1e5
V  [libjvm.so+0x836b20]  PSParallelCompact::initialize()+0x1a0
V  [libjvm.so+0x7f1145]  ParallelScavengeHeap::initialize()+0x805
V  [libjvm.so+0x9247b7]  Universe::initialize_heap()+0xc7
V  [libjvm.so+0x924ae7]  universe_init()+0x67
V  [libjvm.so+0x5a2dd5]  init_globals()+0x55
V  [libjvm.so+0x90a4cf]  Threads::create_vm(JavaVMInitArgs*, bool*)+0x35f
V  [libjvm.so+0x60e834]  JNI_CreateJavaVM+0x54
C  [libjli.so+0x2b48]


---------------  P R O C E S S  ---------------

Java Threads: ( => current thread )

Other Threads:

=>0x00007fed2000a000 (exited) JavaThread "Unknown thread" [_thread_in_vm, id=28602, stack(0x00007fed2961c000,0x00007fed2971d000)]

VM state:not at safepoint (not fully initialized)

VM Mutex/Monitor currently owned by a thread: None

GC Heap History (0 events):
No events

Deoptimization events (0 events):
No events

Internal exceptions (0 events):
No events

Events (0 events):
No events


Dynamic libraries:
00400000-00401000 r-xp 00000000 08:05 286538                             /usr/lib/jvm/java-7-openjdk-amd64/jre/bin/java
00600000-00601000 r--p 00000000 08:05 286538                             /usr/lib/jvm/java-7-openjdk-amd64/jre/bin/java
00601000-00602000 rw-p 00001000 08:05 286538                             /usr/lib/jvm/java-7-openjdk-amd64/jre/bin/java
0121b000-0123c000 rw-p 00000000 00:00 0                                  [heap]
7fdcd4000000-7fdcd4021000 rw-p 00000000 00:00 0 
7fdcd4021000-7fdcd8000000 ---p 00000000 00:00 0 
7fdd50000000-7fdd50021000 rw-p 00000000 00:00 0 
7fdd50021000-7fdd54000000 ---p 00000000 00:00 0 
7fdd58000000-7fdd58021000 rw-p 00000000 00:00 0 
7fdd58021000-7fdd5c000000 ---p 00000000 00:00 0 
7fdd60000000-7fdd60021000 rw-p 00000000 00:00 0 
7fdd60021000-7fdd64000000 ---p 00000000 00:00 0 
7fdd65956000-7fdd6596a000 rw-p 00000000 00:00 0 
7fdd6596a000-7fdd6acac000 rw-p 00000000 00:00 0 
7fdd6acac000-7fdd6acb7000 rw-p 00000000 00:00 0 
7fdd6acb7000-7fdd6acff000 rw-p 00000000 00:00 0 
7fdd6acff000-7fdd6ad13000 rw-p 00000000 00:00 0 
7fdd6ad13000-7fdd70054000 rw-p 00000000 00:00 0 
7fdd70054000-7fdd7005f000 rw-p 00000000 00:00 0 
7fdd7005f000-7fdd729ff000 rw-p 00000000 00:00 0 
7fdd729ff000-7fdd73f00000 rw-p 00000000 00:00 0 
7fdd73f00000-7fdd7d000000 rw-p 00000000 00:00 0 
7fdd7d000000-7fdd7f800000 rw-p 00000000 00:00 0 
7fdd7f800000-7fe7e7a80000 rw-p 00000000 00:00 0 
7fe7e7a80000-7fe7e8e80000 rw-p 00000000 00:00 0 
7fe7e8e80000-7fed1d000000 rw-p 00000000 00:00 0 
7fed1d000000-7fed1d270000 rwxp 00000000 00:00 0 
7fed1d270000-7fed2002e000 rw-p 00000000 00:00 0 
7fed2002e000-7fed24000000 ---p 00000000 00:00 0 
7fed25bc0000-7fed25dfb000 rw-p 00000000 00:00 0 
7fed25dfb000-7fed25dfc000 ---p 00000000 00:00 0 
7fed25dfc000-7fed25efc000 rw-p 00000000 00:00 0                          [stack:28606]
7fed25efc000-7fed25efd000 ---p 00000000 00:00 0 
7fed25efd000-7fed25ffd000 rw-p 00000000 00:00 0                          [stack:28605]
7fed25ffd000-7fed25ffe000 ---p 00000000 00:00 0 
7fed25ffe000-7fed260fe000 rw-p 00000000 00:00 0                          [stack:28604]
7fed260fe000-7fed260ff000 ---p 00000000 00:00 0 
7fed260ff000-7fed2620a000 rw-p 00000000 00:00 0                          [stack:28603]
7fed2620a000-7fed26252000 rw-p 00000000 00:00 0 
7fed26252000-7fed2625a000 r-xp 00000000 08:05 286572                     /usr/lib/jvm/java-7-openjdk-amd64/jre/lib/amd64/libzip.so
7fed2625a000-7fed26459000 ---p 00008000 08:05 286572                     /usr/lib/jvm/java-7-openjdk-amd64/jre/lib/amd64/libzip.so
7fed26459000-7fed2645a000 r--p 00007000 08:05 286572                     /usr/lib/jvm/java-7-openjdk-amd64/jre/lib/amd64/libzip.so
7fed2645a000-7fed2645b000 rw-p 00008000 08:05 286572                     /usr/lib/jvm/java-7-openjdk-amd64/jre/lib/amd64/libzip.so
7fed2645b000-7fed26466000 r-xp 00000000 08:05 918780                     /lib/x86_64-linux-gnu/libnss_files-2.19.so
7fed26466000-7fed26665000 ---p 0000b000 08:05 918780                     /lib/x86_64-linux-gnu/libnss_files-2.19.so
7fed26665000-7fed26666000 r--p 0000a000 08:05 918780                     /lib/x86_64-linux-gnu/libnss_files-2.19.so
7fed26666000-7fed26667000 rw-p 0000b000 08:05 918780                     /lib/x86_64-linux-gnu/libnss_files-2.19.so
7fed26667000-7fed26672000 r-xp 00000000 08:05 918790                     /lib/x86_64-linux-gnu/libnss_nis-2.19.so
7fed26672000-7fed26871000 ---p 0000b000 08:05 918790                     /lib/x86_64-linux-gnu/libnss_nis-2.19.so
7fed26871000-7fed26872000 r--p 0000a000 08:05 918790                     /lib/x86_64-linux-gnu/libnss_nis-2.19.so
7fed26872000-7fed26873000 rw-p 0000b000 08:05 918790                     /lib/x86_64-linux-gnu/libnss_nis-2.19.so
7fed26873000-7fed2688a000 r-xp 00000000 08:05 918774                     /lib/x86_64-linux-gnu/libnsl-2.19.so
7fed2688a000-7fed26a89000 ---p 00017000 08:05 918774                     /lib/x86_64-linux-gnu/libnsl-2.19.so
7fed26a89000-7fed26a8a000 r--p 00016000 08:05 918774                     /lib/x86_64-linux-gnu/libnsl-2.19.so
7fed26a8a000-7fed26a8b000 rw-p 00017000 08:05 918774                     /lib/x86_64-linux-gnu/libnsl-2.19.so
7fed26a8b000-7fed26a8d000 rw-p 00000000 00:00 0 
7fed26a8d000-7fed26a96000 r-xp 00000000 08:05 918776                     /lib/x86_64-linux-gnu/libnss_compat-2.19.so
7fed26a96000-7fed26c95000 ---p 00009000 08:05 918776                     /lib/x86_64-linux-gnu/libnss_compat-2.19.so
7fed26c95000-7fed26c96000 r--p 00008000 08:05 918776                     /lib/x86_64-linux-gnu/libnss_compat-2.19.so
7fed26c96000-7fed26c97000 rw-p 00009000 08:05 918776                     /lib/x86_64-linux-gnu/libnss_compat-2.19.so
7fed26c97000-7fed26cc2000 r-xp 00000000 08:05 286580                     /usr/lib/jvm/java-7-openjdk-amd64/jre/lib/amd64/libjava.so
7fed26cc2000-7fed26ec2000 ---p 0002b000 08:05 286580                     /usr/lib/jvm/java-7-openjdk-amd64/jre/lib/amd64/libjava.so
7fed26ec2000-7fed26ec3000 r--p 0002b000 08:05 286580                     /usr/lib/jvm/java-7-openjdk-amd64/jre/lib/amd64/libjava.so
7fed26ec3000-7fed26ec5000 rw-p 0002c000 08:05 286580                     /usr/lib/jvm/java-7-openjdk-amd64/jre/lib/amd64/libjava.so
7fed26ec5000-7fed26ed5000 r-xp 00000000 08:05 286596                     /usr/lib/jvm/java-7-openjdk-amd64/jre/lib/amd64/libverify.so
7fed26ed5000-7fed270d4000 ---p 00010000 08:05 286596                     /usr/lib/jvm/java-7-openjdk-amd64/jre/lib/amd64/libverify.so
7fed270d4000-7fed270d6000 r--p 0000f000 08:05 286596                     /usr/lib/jvm/java-7-openjdk-amd64/jre/lib/amd64/libverify.so
7fed270d6000-7fed270d7000 rw-p 00011000 08:05 286596                     /usr/lib/jvm/java-7-openjdk-amd64/jre/lib/amd64/libverify.so
7fed270d7000-7fed270de000 r-xp 00000000 08:05 918833                     /lib/x86_64-linux-gnu/librt-2.19.so
7fed270de000-7fed272dd000 ---p 00007000 08:05 918833                     /lib/x86_64-linux-gnu/librt-2.19.so
7fed272dd000-7fed272de000 r--p 00006000 08:05 918833                     /lib/x86_64-linux-gnu/librt-2.19.so
7fed272de000-7fed272df000 rw-p 00007000 08:05 918833                     /lib/x86_64-linux-gnu/librt-2.19.so
7fed272df000-7fed272f5000 r-xp 00000000 08:05 918732                     /lib/x86_64-linux-gnu/libgcc_s.so.1
7fed272f5000-7fed274f4000 ---p 00016000 08:05 918732                     /lib/x86_64-linux-gnu/libgcc_s.so.1
7fed274f4000-7fed274f5000 rw-p 00015000 08:05 918732                     /lib/x86_64-linux-gnu/libgcc_s.so.1
7fed274f5000-7fed275fa000 r-xp 00000000 08:05 918755                     /lib/x86_64-linux-gnu/libm-2.19.so
7fed275fa000-7fed277f9000 ---p 00105000 08:05 918755                     /lib/x86_64-linux-gnu/libm-2.19.so
7fed277f9000-7fed277fa000 r--p 00104000 08:05 918755                     /lib/x86_64-linux-gnu/libm-2.19.so
7fed277fa000-7fed277fb000 rw-p 00105000 08:05 918755                     /lib/x86_64-linux-gnu/libm-2.19.so
7fed277fb000-7fed278e1000 r-xp 00000000 08:05 272722                     /usr/lib/x86_64-linux-gnu/libstdc++.so.6.0.19
7fed278e1000-7fed27ae0000 ---p 000e6000 08:05 272722                     /usr/lib/x86_64-linux-gnu/libstdc++.so.6.0.19
7fed27ae0000-7fed27ae8000 r--p 000e5000 08:05 272722                     /usr/lib/x86_64-linux-gnu/libstdc++.so.6.0.19
7fed27ae8000-7fed27aea000 rw-p 000ed000 08:05 272722                     /usr/lib/x86_64-linux-gnu/libstdc++.so.6.0.19
7fed27aea000-7fed27aff000 rw-p 00000000 00:00 0 
7fed27aff000-7fed28623000 r-xp 00000000 08:05 286587                     /usr/lib/jvm/java-7-openjdk-amd64/jre/lib/amd64/server/libjvm.so
7fed28623000-7fed28823000 ---p 00b24000 08:05 286587                     /usr/lib/jvm/java-7-openjdk-amd64/jre/lib/amd64/server/libjvm.so
7fed28823000-7fed288bd000 r--p 00b24000 08:05 286587                     /usr/lib/jvm/java-7-openjdk-amd64/jre/lib/amd64/server/libjvm.so
7fed288bd000-7fed288e0000 rw-p 00bbe000 08:05 286587                     /usr/lib/jvm/java-7-openjdk-amd64/jre/lib/amd64/server/libjvm.so
7fed288e0000-7fed2890e000 rw-p 00000000 00:00 0 
7fed2890e000-7fed28926000 r-xp 00000000 08:05 918868                     /lib/x86_64-linux-gnu/libz.so.1.2.8
7fed28926000-7fed28b25000 ---p 00018000 08:05 918868                     /lib/x86_64-linux-gnu/libz.so.1.2.8
7fed28b25000-7fed28b26000 r--p 00017000 08:05 918868                     /lib/x86_64-linux-gnu/libz.so.1.2.8
7fed28b26000-7fed28b27000 rw-p 00018000 08:05 918868                     /lib/x86_64-linux-gnu/libz.so.1.2.8
7fed28b27000-7fed28b40000 r-xp 00000000 08:05 918825                     /lib/x86_64-linux-gnu/libpthread-2.19.so
7fed28b40000-7fed28d3f000 ---p 00019000 08:05 918825                     /lib/x86_64-linux-gnu/libpthread-2.19.so
7fed28d3f000-7fed28d40000 r--p 00018000 08:05 918825                     /lib/x86_64-linux-gnu/libpthread-2.19.so
7fed28d40000-7fed28d41000 rw-p 00019000 08:05 918825                     /lib/x86_64-linux-gnu/libpthread-2.19.so
7fed28d41000-7fed28d45000 rw-p 00000000 00:00 0 
7fed28d45000-7fed28d48000 r-xp 00000000 08:05 918722                     /lib/x86_64-linux-gnu/libdl-2.19.so
7fed28d48000-7fed28f47000 ---p 00003000 08:05 918722                     /lib/x86_64-linux-gnu/libdl-2.19.so
7fed28f47000-7fed28f48000 r--p 00002000 08:05 918722                     /lib/x86_64-linux-gnu/libdl-2.19.so
7fed28f48000-7fed28f49000 rw-p 00003000 08:05 918722                     /lib/x86_64-linux-gnu/libdl-2.19.so
7fed28f49000-7fed29104000 r-xp 00000000 08:05 918705                     /lib/x86_64-linux-gnu/libc-2.19.so
7fed29104000-7fed29303000 ---p 001bb000 08:05 918705                     /lib/x86_64-linux-gnu/libc-2.19.so
7fed29303000-7fed29307000 r--p 001ba000 08:05 918705                     /lib/x86_64-linux-gnu/libc-2.19.so
7fed29307000-7fed29309000 rw-p 001be000 08:05 918705                     /lib/x86_64-linux-gnu/libc-2.19.so
7fed29309000-7fed2930e000 rw-p 00000000 00:00 0 
7fed2930e000-7fed2931b000 r-xp 00000000 08:05 286598                     /usr/lib/jvm/java-7-openjdk-amd64/jre/lib/amd64/jli/libjli.so
7fed2931b000-7fed2951a000 ---p 0000d000 08:05 286598                     /usr/lib/jvm/java-7-openjdk-amd64/jre/lib/amd64/jli/libjli.so
7fed2951a000-7fed2951b000 r--p 0000c000 08:05 286598                     /usr/lib/jvm/java-7-openjdk-amd64/jre/lib/amd64/jli/libjli.so
7fed2951b000-7fed2951c000 rw-p 0000d000 08:05 286598                     /usr/lib/jvm/java-7-openjdk-amd64/jre/lib/amd64/jli/libjli.so
7fed2951c000-7fed2953f000 r-xp 00000000 08:05 918681                     /lib/x86_64-linux-gnu/ld-2.19.so
7fed2955c000-7fed29566000 rw-p 00000000 00:00 0 
7fed29566000-7fed2961c000 rw-p 00000000 00:00 0 
7fed2961c000-7fed2961f000 ---p 00000000 00:00 0 
7fed2961f000-7fed29722000 rw-p 00000000 00:00 0                          [stack:28602]
7fed29730000-7fed29732000 rw-p 00000000 00:00 0 
7fed29732000-7fed2973a000 rw-s 00000000 08:05 941835                     /tmp/hsperfdata_ameen/28601
7fed2973a000-7fed2973b000 rw-p 00000000 00:00 0 
7fed2973b000-7fed2973c000 r--p 00000000 00:00 0 
7fed2973c000-7fed2973e000 rw-p 00000000 00:00 0 
7fed2973e000-7fed2973f000 r--p 00022000 08:05 918681                     /lib/x86_64-linux-gnu/ld-2.19.so
7fed2973f000-7fed29740000 rw-p 00023000 08:05 918681                     /lib/x86_64-linux-gnu/ld-2.19.so
7fed29740000-7fed29741000 rw-p 00000000 00:00 0 
7ffeb6225000-7ffeb6247000 rw-p 00000000 00:00 0                          [stack]
7ffeb63dc000-7ffeb63de000 r--p 00000000 00:00 0                          [vvar]
7ffeb63de000-7ffeb63e0000 r-xp 00000000 00:00 0                          [vdso]
ffffffffff600000-ffffffffff601000 r-xp 00000000 00:00 0                  [vsyscall]

VM Arguments:
jvm_args: -Xmx64000m 
java_command: ../gnw-3.1.2b.jar --simulate -c settings.txt --input-net dimA.xml
Launcher Type: SUN_STANDARD

Environment Variables:
PATH=/home/ameen/torch/install/bin:/home/ameen/torch/install/bin:/opt/OpenPrinting-Gutenprint/sbin:/opt/OpenPrinting-Gutenprint/bin:/usr/local/sbin:/usr/local/bin:/usr/sbin:/usr/bin:/sbin:/bin:/usr/games:/usr/local/games
LD_LIBRARY_PATH=/home/ameen/torch/install/lib:/home/ameen/torch/install/lib:
SHELL=/bin/bash
DISPLAY=:0
DYLD_LIBRARY_PATH=/home/ameen/torch/install/lib:/home/ameen/torch/install/lib:

Signal Handlers:
SIGSEGV: [libjvm.so+0x9548f0], sa_mask[0]=0x7ffbfeff, sa_flags=0x10000004
SIGBUS: [libjvm.so+0x9548f0], sa_mask[0]=0x7ffbfeff, sa_flags=0x10000004
SIGFPE: [libjvm.so+0x7cb0b0], sa_mask[0]=0x7ffbfeff, sa_flags=0x10000004
SIGPIPE: [libjvm.so+0x7cb0b0], sa_mask[0]=0x7ffbfeff, sa_flags=0x10000004
SIGXFSZ: [libjvm.so+0x7cb0b0], sa_mask[0]=0x7ffbfeff, sa_flags=0x10000004
SIGILL: [libjvm.so+0x7cb0b0], sa_mask[0]=0x7ffbfeff, sa_flags=0x10000004
SIGUSR1: SIG_DFL, sa_mask[0]=0x00000000, sa_flags=0x00000000
SIGUSR2: [libjvm.so+0x7caf50], sa_mask[0]=0x00000000, sa_flags=0x10000004
SIGHUP: SIG_DFL, sa_mask[0]=0x00000000, sa_flags=0x00000000
SIGINT: SIG_DFL, sa_mask[0]=0x00000000, sa_flags=0x00000000
SIGTERM: SIG_DFL, sa_mask[0]=0x00000000, sa_flags=0x00000000
SIGQUIT: SIG_DFL, sa_mask[0]=0x00000000, sa_flags=0x00000000
SIGTRAP: SIG_DFL, sa_mask[0]=0x00000000, sa_flags=0x00000000


---------------  S Y S T E M  ---------------

OS:Ubuntu 14.04 (trusty)
uname:Linux 3.19.0-25-generic #26~14.04.1-Ubuntu SMP Fri Jul 24 21:16:20 UTC 2015 x86_64
libc:glibc 2.19 NPTL 2.19 
rlimit: STACK 8192k, CORE 0k, NPROC 15256, NOFILE 4096, AS infinity
load average:0.26 0.56 0.74

/proc/meminfo:
MemTotal:        3927060 kB
MemFree:         1285520 kB
MemAvailable:    1764280 kB
Buffers:          130128 kB
Cached:           926932 kB
SwapCached:            0 kB
Active:          1746308 kB
Inactive:         687900 kB
Active(anon):    1408044 kB
Inactive(anon):   413560 kB
Active(file):     338264 kB
Inactive(file):   274340 kB
Unevictable:         224 kB
Mlocked:             224 kB
SwapTotal:             0 kB
SwapFree:              0 kB
Dirty:               160 kB
Writeback:             0 kB
AnonPages:       1377416 kB
Mapped:           344444 kB
Shmem:            444436 kB
Slab:             108552 kB
SReclaimable:      70196 kB
SUnreclaim:        38356 kB
KernelStack:        8848 kB
PageTables:        39544 kB
NFS_Unstable:          0 kB
Bounce:                0 kB
WritebackTmp:          0 kB
CommitLimit:     1963528 kB
Committed_AS:    5955676 kB
VmallocTotal:   34359738367 kB
VmallocUsed:      348168 kB
VmallocChunk:   34359383516 kB
HardwareCorrupted:     0 kB
AnonHugePages:    350208 kB
CmaTotal:              0 kB
CmaFree:               0 kB
HugePages_Total:       0
HugePages_Free:        0
HugePages_Rsvd:        0
HugePages_Surp:        0
Hugepagesize:       2048 kB
DirectMap4k:      190080 kB
DirectMap2M:     3885056 kB


CPU:total 4 (2 cores per cpu, 2 threads per core) family 6 model 42 stepping 7, cmov, cx8, fxsr, mmx, sse, sse2, sse3, ssse3, sse4.1, sse4.2, popcnt, avx, aes, ht, tsc, tscinvbit

/proc/cpuinfo:
processor	: 0
vendor_id	: GenuineIntel
cpu family	: 6
model		: 42
model name	: Intel(R) Core(TM) i5-2520M CPU @ 2.50GHz
stepping	: 7
microcode	: 0x29
cpu MHz		: 1098.339
cache size	: 3072 KB
physical id	: 0
siblings	: 4
core id		: 0
cpu cores	: 2
apicid		: 0
initial apicid	: 0
fpu		: yes
fpu_exception	: yes
cpuid level	: 13
wp		: yes
flags		: fpu vme de pse tsc msr pae mce cx8 apic sep mtrr pge mca cmov pat pse36 clflush dts acpi mmx fxsr sse sse2 ss ht tm pbe syscall nx rdtscp lm constant_tsc arch_perfmon pebs bts nopl xtopology nonstop_tsc aperfmperf eagerfpu pni pclmulqdq dtes64 monitor ds_cpl vmx smx est tm2 ssse3 cx16 xtpr pdcm pcid sse4_1 sse4_2 x2apic popcnt tsc_deadline_timer aes xsave avx lahf_lm ida arat epb pln pts dtherm tpr_shadow vnmi flexpriority ept vpid xsaveopt
bugs		:
bogomips	: 4983.98
clflush size	: 64
cache_alignment	: 64
address sizes	: 36 bits physical, 48 bits virtual
power management:

processor	: 1
vendor_id	: GenuineIntel
cpu family	: 6
model		: 42
model name	: Intel(R) Core(TM) i5-2520M CPU @ 2.50GHz
stepping	: 7
microcode	: 0x29
cpu MHz		: 932.812
cache size	: 3072 KB
physical id	: 0
siblings	: 4
core id		: 0
cpu cores	: 2
apicid		: 1
initial apicid	: 1
fpu		: yes
fpu_exception	: yes
cpuid level	: 13
wp		: yes
flags		: fpu vme de pse tsc msr pae mce cx8 apic sep mtrr pge mca cmov pat pse36 clflush dts acpi mmx fxsr sse sse2 ss ht tm pbe syscall nx rdtscp lm constant_tsc arch_perfmon pebs bts nopl xtopology nonstop_tsc aperfmperf eagerfpu pni pclmulqdq dtes64 monitor ds_cpl vmx smx est tm2 ssse3 cx16 xtpr pdcm pcid sse4_1 sse4_2 x2apic popcnt tsc_deadline_timer aes xsave avx lahf_lm ida arat epb pln pts dtherm tpr_shadow vnmi flexpriority ept vpid xsaveopt
bugs		:
bogomips	: 4983.98
clflush size	: 64
cache_alignment	: 64
address sizes	: 36 bits physical, 48 bits virtual
power management:

processor	: 2
vendor_id	: GenuineIntel
cpu family	: 6
model		: 42
model name	: Intel(R) Core(TM) i5-2520M CPU @ 2.50GHz
stepping	: 7
microcode	: 0x29
cpu MHz		: 1099.511
cache size	: 3072 KB
physical id	: 0
siblings	: 4
core id		: 1
cpu cores	: 2
apicid		: 2
initial apicid	: 2
fpu		: yes
fpu_exception	: yes
cpuid level	: 13
wp		: yes
flags		: fpu vme de pse tsc msr pae mce cx8 apic sep mtrr pge mca cmov pat pse36 clflush dts acpi mmx fxsr sse sse2 ss ht tm pbe syscall nx rdtscp lm constant_tsc arch_perfmon pebs bts nopl xtopology nonstop_tsc aperfmperf eagerfpu pni pclmulqdq dtes64 monitor ds_cpl vmx smx est tm2 ssse3 cx16 xtpr pdcm pcid sse4_1 sse4_2 x2apic popcnt tsc_deadline_timer aes xsave avx lahf_lm ida arat epb pln pts dtherm tpr_shadow vnmi flexpriority ept vpid xsaveopt
bugs		:
bogomips	: 4983.98
clflush size	: 64
cache_alignment	: 64
address sizes	: 36 bits physical, 48 bits virtual
power management:

processor	: 3
vendor_id	: GenuineIntel
cpu family	: 6
model		: 42
model name	: Intel(R) Core(TM) i5-2520M CPU @ 2.50GHz
stepping	: 7
microcode	: 0x29
cpu MHz		: 1021.777
cache size	: 3072 KB
physical id	: 0
siblings	: 4
core id		: 1
cpu cores	: 2
apicid		: 3
initial apicid	: 3
fpu		: yes
fpu_exception	: yes
cpuid level	: 13
wp		: yes
flags		: fpu vme de pse tsc msr pae mce cx8 apic sep mtrr pge mca cmov pat pse36 clflush dts acpi mmx fxsr sse sse2 ss ht tm pbe syscall nx rdtscp lm constant_tsc arch_perfmon pebs bts nopl xtopology nonstop_tsc aperfmperf eagerfpu pni pclmulqdq dtes64 monitor ds_cpl vmx smx est tm2 ssse3 cx16 xtpr pdcm pcid sse4_1 sse4_2 x2apic popcnt tsc_deadline_timer aes xsave avx lahf_lm ida arat epb pln pts dtherm tpr_shadow vnmi flexpriority ept vpid xsaveopt
bugs		:
bogomips	: 4983.98
clflush size	: 64
cache_alignment	: 64
address sizes	: 36 bits physical, 48 bits virtual
power management:



Memory: 4k page, physical 3927060k(1285520k free), swap 0k(0k free)

vm_info: OpenJDK 64-Bit Server VM (24.91-b01) for linux-amd64 JRE (1.7.0_91-b02), built on Nov 19 2015 06:14:37 by "buildd" with gcc 4.8.2

time: Thu Feb 18 11:16:58 2016
elapsed time: 0 seconds

