#
# There is insufficient memory for the Java Runtime Environment to continue.
# Native memory allocation (malloc) failed to allocate 2102591488 bytes for committing reserved memory.
# Possible reasons:
#   The system is out of physical RAM or swap space
#   In 32 bit mode, the process size limit was hit
# Possible solutions:
#   Reduce memory load on the system
#   Increase physical memory or swap space
#   Check if swap backing store is full
#   Use 64 bit Java on a 64 bit OS
#   Decrease Java heap size (-Xmx/-Xms)
#   Decrease number of Java threads
#   Decrease Java thread stack sizes (-Xss)
#   Set larger code cache with -XX:ReservedCodeCacheSize=
# This output file may be truncated or incomplete.
#
#  Out of Memory Error (os_linux.cpp:2827), pid=19196, tid=139716697016064
#
# JRE version:  (7.0_91-b02) (build )
# Java VM: OpenJDK 64-Bit Server VM (24.91-b01 mixed mode linux-amd64 )
# Derivative: IcedTea 2.6.3
# Distribution: Ubuntu 14.04 LTS, package 7u91-2.6.3-0ubuntu0.14.04.1
# Failed to write core dump. Core dumps have been disabled. To enable core dumping, try "ulimit -c unlimited" before starting Java again
#

---------------  T H R E A D  ---------------

Current thread (0x00007f124c00a000):  JavaThread "Unknown thread" [_thread_in_vm, id=19197, stack(0x00007f1254084000,0x00007f1254185000)]

Stack: [0x00007f1254084000,0x00007f1254185000],  sp=0x00007f12541834a0,  free space=1021k
Native frames: (J=compiled Java code, j=interpreted, Vv=VM code, C=native code)
V  [libjvm.so+0x953e15]  VMError::report_and_die()+0x175
V  [libjvm.so+0x48fd94]  report_vm_out_of_memory(char const*, int, unsigned long, char const*)+0x74
V  [libjvm.so+0x7cf87b]  os::pd_commit_memory(char*, unsigned long, unsigned long, bool)+0xeb
V  [libjvm.so+0x7ca33f]  os::commit_memory(char*, unsigned long, unsigned long, bool)+0x1f
V  [libjvm.so+0x83dacb]  PSVirtualSpace::expand_by(unsigned long)+0x5b
V  [libjvm.so+0x7e9095]  ParMarkBitMap::initialize(MemRegion)+0x1e5
V  [libjvm.so+0x836b20]  PSParallelCompact::initialize()+0x1a0
V  [libjvm.so+0x7f1145]  ParallelScavengeHeap::initialize()+0x805
V  [libjvm.so+0x9247b7]  Universe::initialize_heap()+0xc7
V  [libjvm.so+0x924ae7]  universe_init()+0x67
V  [libjvm.so+0x5a2dd5]  init_globals()+0x55
V  [libjvm.so+0x90a4cf]  Threads::create_vm(JavaVMInitArgs*, bool*)+0x35f
V  [libjvm.so+0x60e834]  JNI_CreateJavaVM+0x54
C  [libjli.so+0x2b48]


---------------  P R O C E S S  ---------------

Java Threads: ( => current thread )

Other Threads:

=>0x00007f124c00a000 (exited) JavaThread "Unknown thread" [_thread_in_vm, id=19197, stack(0x00007f1254084000,0x00007f1254185000)]

VM state:not at safepoint (not fully initialized)

VM Mutex/Monitor currently owned by a thread: None

GC Heap History (0 events):
No events

Deoptimization events (0 events):
No events

Internal exceptions (0 events):
No events

Events (0 events):
No events


Dynamic libraries:
00400000-00401000 r-xp 00000000 08:05 286538                             /usr/lib/jvm/java-7-openjdk-amd64/jre/bin/java
00600000-00601000 r--p 00000000 08:05 286538                             /usr/lib/jvm/java-7-openjdk-amd64/jre/bin/java
00601000-00602000 rw-p 00001000 08:05 286538                             /usr/lib/jvm/java-7-openjdk-amd64/jre/bin/java
02166000-02187000 rw-p 00000000 00:00 0                                  [heap]
7f0274000000-7f0274021000 rw-p 00000000 00:00 0 
7f0274021000-7f0278000000 ---p 00000000 00:00 0 
7f027c000000-7f027c021000 rw-p 00000000 00:00 0 
7f027c021000-7f0280000000 ---p 00000000 00:00 0 
7f0284000000-7f0284021000 rw-p 00000000 00:00 0 
7f0284021000-7f0288000000 ---p 00000000 00:00 0 
7f028c000000-7f028c021000 rw-p 00000000 00:00 0 
7f028c021000-7f0290000000 ---p 00000000 00:00 0 
7f0291956000-7f029196a000 rw-p 00000000 00:00 0 
7f029196a000-7f0296cac000 rw-p 00000000 00:00 0 
7f0296cac000-7f0296cb7000 rw-p 00000000 00:00 0 
7f0296cb7000-7f0296cff000 rw-p 00000000 00:00 0 
7f0296cff000-7f0296d13000 rw-p 00000000 00:00 0 
7f0296d13000-7f029c054000 rw-p 00000000 00:00 0 
7f029c054000-7f029c05f000 rw-p 00000000 00:00 0 
7f029c05f000-7f029e9ff000 rw-p 00000000 00:00 0 
7f029e9ff000-7f029ff00000 rw-p 00000000 00:00 0 
7f029ff00000-7f02a9000000 rw-p 00000000 00:00 0 
7f02a9000000-7f02ab800000 rw-p 00000000 00:00 0 
7f02ab800000-7f0d13a80000 rw-p 00000000 00:00 0 
7f0d13a80000-7f0d14e80000 rw-p 00000000 00:00 0 
7f0d14e80000-7f1249000000 rw-p 00000000 00:00 0 
7f1249000000-7f1249270000 rwxp 00000000 00:00 0 
7f1249270000-7f124c02e000 rw-p 00000000 00:00 0 
7f124c02e000-7f1250000000 ---p 00000000 00:00 0 
7f1250628000-7f1250863000 rw-p 00000000 00:00 0 
7f1250863000-7f1250864000 ---p 00000000 00:00 0 
7f1250864000-7f1250964000 rw-p 00000000 00:00 0                          [stack:19201]
7f1250964000-7f1250965000 ---p 00000000 00:00 0 
7f1250965000-7f1250a65000 rw-p 00000000 00:00 0                          [stack:19200]
7f1250a65000-7f1250a66000 ---p 00000000 00:00 0 
7f1250a66000-7f1250b66000 rw-p 00000000 00:00 0                          [stack:19199]
7f1250b66000-7f1250b67000 ---p 00000000 00:00 0 
7f1250b67000-7f1250c72000 rw-p 00000000 00:00 0                          [stack:19198]
7f1250c72000-7f1250cba000 rw-p 00000000 00:00 0 
7f1250cba000-7f1250cc2000 r-xp 00000000 08:05 286572                     /usr/lib/jvm/java-7-openjdk-amd64/jre/lib/amd64/libzip.so
7f1250cc2000-7f1250ec1000 ---p 00008000 08:05 286572                     /usr/lib/jvm/java-7-openjdk-amd64/jre/lib/amd64/libzip.so
7f1250ec1000-7f1250ec2000 r--p 00007000 08:05 286572                     /usr/lib/jvm/java-7-openjdk-amd64/jre/lib/amd64/libzip.so
7f1250ec2000-7f1250ec3000 rw-p 00008000 08:05 286572                     /usr/lib/jvm/java-7-openjdk-amd64/jre/lib/amd64/libzip.so
7f1250ec3000-7f1250ece000 r-xp 00000000 08:05 918780                     /lib/x86_64-linux-gnu/libnss_files-2.19.so
7f1250ece000-7f12510cd000 ---p 0000b000 08:05 918780                     /lib/x86_64-linux-gnu/libnss_files-2.19.so
7f12510cd000-7f12510ce000 r--p 0000a000 08:05 918780                     /lib/x86_64-linux-gnu/libnss_files-2.19.so
7f12510ce000-7f12510cf000 rw-p 0000b000 08:05 918780                     /lib/x86_64-linux-gnu/libnss_files-2.19.so
7f12510cf000-7f12510da000 r-xp 00000000 08:05 918790                     /lib/x86_64-linux-gnu/libnss_nis-2.19.so
7f12510da000-7f12512d9000 ---p 0000b000 08:05 918790                     /lib/x86_64-linux-gnu/libnss_nis-2.19.so
7f12512d9000-7f12512da000 r--p 0000a000 08:05 918790                     /lib/x86_64-linux-gnu/libnss_nis-2.19.so
7f12512da000-7f12512db000 rw-p 0000b000 08:05 918790                     /lib/x86_64-linux-gnu/libnss_nis-2.19.so
7f12512db000-7f12512f2000 r-xp 00000000 08:05 918774                     /lib/x86_64-linux-gnu/libnsl-2.19.so
7f12512f2000-7f12514f1000 ---p 00017000 08:05 918774                     /lib/x86_64-linux-gnu/libnsl-2.19.so
7f12514f1000-7f12514f2000 r--p 00016000 08:05 918774                     /lib/x86_64-linux-gnu/libnsl-2.19.so
7f12514f2000-7f12514f3000 rw-p 00017000 08:05 918774                     /lib/x86_64-linux-gnu/libnsl-2.19.so
7f12514f3000-7f12514f5000 rw-p 00000000 00:00 0 
7f12514f5000-7f12514fe000 r-xp 00000000 08:05 918776                     /lib/x86_64-linux-gnu/libnss_compat-2.19.so
7f12514fe000-7f12516fd000 ---p 00009000 08:05 918776                     /lib/x86_64-linux-gnu/libnss_compat-2.19.so
7f12516fd000-7f12516fe000 r--p 00008000 08:05 918776                     /lib/x86_64-linux-gnu/libnss_compat-2.19.so
7f12516fe000-7f12516ff000 rw-p 00009000 08:05 918776                     /lib/x86_64-linux-gnu/libnss_compat-2.19.so
7f12516ff000-7f125172a000 r-xp 00000000 08:05 286580                     /usr/lib/jvm/java-7-openjdk-amd64/jre/lib/amd64/libjava.so
7f125172a000-7f125192a000 ---p 0002b000 08:05 286580                     /usr/lib/jvm/java-7-openjdk-amd64/jre/lib/amd64/libjava.so
7f125192a000-7f125192b000 r--p 0002b000 08:05 286580                     /usr/lib/jvm/java-7-openjdk-amd64/jre/lib/amd64/libjava.so
7f125192b000-7f125192d000 rw-p 0002c000 08:05 286580                     /usr/lib/jvm/java-7-openjdk-amd64/jre/lib/amd64/libjava.so
7f125192d000-7f125193d000 r-xp 00000000 08:05 286596                     /usr/lib/jvm/java-7-openjdk-amd64/jre/lib/amd64/libverify.so
7f125193d000-7f1251b3c000 ---p 00010000 08:05 286596                     /usr/lib/jvm/java-7-openjdk-amd64/jre/lib/amd64/libverify.so
7f1251b3c000-7f1251b3e000 r--p 0000f000 08:05 286596                     /usr/lib/jvm/java-7-openjdk-amd64/jre/lib/amd64/libverify.so
7f1251b3e000-7f1251b3f000 rw-p 00011000 08:05 286596                     /usr/lib/jvm/java-7-openjdk-amd64/jre/lib/amd64/libverify.so
7f1251b3f000-7f1251b46000 r-xp 00000000 08:05 918833                     /lib/x86_64-linux-gnu/librt-2.19.so
7f1251b46000-7f1251d45000 ---p 00007000 08:05 918833                     /lib/x86_64-linux-gnu/librt-2.19.so
7f1251d45000-7f1251d46000 r--p 00006000 08:05 918833                     /lib/x86_64-linux-gnu/librt-2.19.so
7f1251d46000-7f1251d47000 rw-p 00007000 08:05 918833                     /lib/x86_64-linux-gnu/librt-2.19.so
7f1251d47000-7f1251d5d000 r-xp 00000000 08:05 918732                     /lib/x86_64-linux-gnu/libgcc_s.so.1
7f1251d5d000-7f1251f5c000 ---p 00016000 08:05 918732                     /lib/x86_64-linux-gnu/libgcc_s.so.1
7f1251f5c000-7f1251f5d000 rw-p 00015000 08:05 918732                     /lib/x86_64-linux-gnu/libgcc_s.so.1
7f1251f5d000-7f1252062000 r-xp 00000000 08:05 918755                     /lib/x86_64-linux-gnu/libm-2.19.so
7f1252062000-7f1252261000 ---p 00105000 08:05 918755                     /lib/x86_64-linux-gnu/libm-2.19.so
7f1252261000-7f1252262000 r--p 00104000 08:05 918755                     /lib/x86_64-linux-gnu/libm-2.19.so
7f1252262000-7f1252263000 rw-p 00105000 08:05 918755                     /lib/x86_64-linux-gnu/libm-2.19.so
7f1252263000-7f1252349000 r-xp 00000000 08:05 272722                     /usr/lib/x86_64-linux-gnu/libstdc++.so.6.0.19
7f1252349000-7f1252548000 ---p 000e6000 08:05 272722                     /usr/lib/x86_64-linux-gnu/libstdc++.so.6.0.19
7f1252548000-7f1252550000 r--p 000e5000 08:05 272722                     /usr/lib/x86_64-linux-gnu/libstdc++.so.6.0.19
7f1252550000-7f1252552000 rw-p 000ed000 08:05 272722                     /usr/lib/x86_64-linux-gnu/libstdc++.so.6.0.19
7f1252552000-7f1252567000 rw-p 00000000 00:00 0 
7f1252567000-7f125308b000 r-xp 00000000 08:05 286587                     /usr/lib/jvm/java-7-openjdk-amd64/jre/lib/amd64/server/libjvm.so
7f125308b000-7f125328b000 ---p 00b24000 08:05 286587                     /usr/lib/jvm/java-7-openjdk-amd64/jre/lib/amd64/server/libjvm.so
7f125328b000-7f1253325000 r--p 00b24000 08:05 286587                     /usr/lib/jvm/java-7-openjdk-amd64/jre/lib/amd64/server/libjvm.so
7f1253325000-7f1253348000 rw-p 00bbe000 08:05 286587                     /usr/lib/jvm/java-7-openjdk-amd64/jre/lib/amd64/server/libjvm.so
7f1253348000-7f1253376000 rw-p 00000000 00:00 0 
7f1253376000-7f125338e000 r-xp 00000000 08:05 918868                     /lib/x86_64-linux-gnu/libz.so.1.2.8
7f125338e000-7f125358d000 ---p 00018000 08:05 918868                     /lib/x86_64-linux-gnu/libz.so.1.2.8
7f125358d000-7f125358e000 r--p 00017000 08:05 918868                     /lib/x86_64-linux-gnu/libz.so.1.2.8
7f125358e000-7f125358f000 rw-p 00018000 08:05 918868                     /lib/x86_64-linux-gnu/libz.so.1.2.8
7f125358f000-7f12535a8000 r-xp 00000000 08:05 918825                     /lib/x86_64-linux-gnu/libpthread-2.19.so
7f12535a8000-7f12537a7000 ---p 00019000 08:05 918825                     /lib/x86_64-linux-gnu/libpthread-2.19.so
7f12537a7000-7f12537a8000 r--p 00018000 08:05 918825                     /lib/x86_64-linux-gnu/libpthread-2.19.so
7f12537a8000-7f12537a9000 rw-p 00019000 08:05 918825                     /lib/x86_64-linux-gnu/libpthread-2.19.so
7f12537a9000-7f12537ad000 rw-p 00000000 00:00 0 
7f12537ad000-7f12537b0000 r-xp 00000000 08:05 918722                     /lib/x86_64-linux-gnu/libdl-2.19.so
7f12537b0000-7f12539af000 ---p 00003000 08:05 918722                     /lib/x86_64-linux-gnu/libdl-2.19.so
7f12539af000-7f12539b0000 r--p 00002000 08:05 918722                     /lib/x86_64-linux-gnu/libdl-2.19.so
7f12539b0000-7f12539b1000 rw-p 00003000 08:05 918722                     /lib/x86_64-linux-gnu/libdl-2.19.so
7f12539b1000-7f1253b6c000 r-xp 00000000 08:05 918705                     /lib/x86_64-linux-gnu/libc-2.19.so
7f1253b6c000-7f1253d6b000 ---p 001bb000 08:05 918705                     /lib/x86_64-linux-gnu/libc-2.19.so
7f1253d6b000-7f1253d6f000 r--p 001ba000 08:05 918705                     /lib/x86_64-linux-gnu/libc-2.19.so
7f1253d6f000-7f1253d71000 rw-p 001be000 08:05 918705                     /lib/x86_64-linux-gnu/libc-2.19.so
7f1253d71000-7f1253d76000 rw-p 00000000 00:00 0 
7f1253d76000-7f1253d83000 r-xp 00000000 08:05 286598                     /usr/lib/jvm/java-7-openjdk-amd64/jre/lib/amd64/jli/libjli.so
7f1253d83000-7f1253f82000 ---p 0000d000 08:05 286598                     /usr/lib/jvm/java-7-openjdk-amd64/jre/lib/amd64/jli/libjli.so
7f1253f82000-7f1253f83000 r--p 0000c000 08:05 286598                     /usr/lib/jvm/java-7-openjdk-amd64/jre/lib/amd64/jli/libjli.so
7f1253f83000-7f1253f84000 rw-p 0000d000 08:05 286598                     /usr/lib/jvm/java-7-openjdk-amd64/jre/lib/amd64/jli/libjli.so
7f1253f84000-7f1253fa7000 r-xp 00000000 08:05 918681                     /lib/x86_64-linux-gnu/ld-2.19.so
7f1253fc4000-7f1253fce000 rw-p 00000000 00:00 0 
7f1253fce000-7f1254084000 rw-p 00000000 00:00 0 
7f1254084000-7f1254087000 ---p 00000000 00:00 0 
7f1254087000-7f125418a000 rw-p 00000000 00:00 0                          [stack:19197]
7f1254198000-7f125419a000 rw-p 00000000 00:00 0 
7f125419a000-7f12541a2000 rw-s 00000000 08:05 941879                     /tmp/hsperfdata_ameen/19196
7f12541a2000-7f12541a3000 rw-p 00000000 00:00 0 
7f12541a3000-7f12541a4000 r--p 00000000 00:00 0 
7f12541a4000-7f12541a6000 rw-p 00000000 00:00 0 
7f12541a6000-7f12541a7000 r--p 00022000 08:05 918681                     /lib/x86_64-linux-gnu/ld-2.19.so
7f12541a7000-7f12541a8000 rw-p 00023000 08:05 918681                     /lib/x86_64-linux-gnu/ld-2.19.so
7f12541a8000-7f12541a9000 rw-p 00000000 00:00 0 
7ffddb478000-7ffddb49a000 rw-p 00000000 00:00 0                          [stack]
7ffddb5a2000-7ffddb5a4000 r--p 00000000 00:00 0                          [vvar]
7ffddb5a4000-7ffddb5a6000 r-xp 00000000 00:00 0                          [vdso]
ffffffffff600000-ffffffffff601000 r-xp 00000000 00:00 0                  [vsyscall]

VM Arguments:
jvm_args: -Xmx64000m 
java_command: ../gnw-3.1.2b.jar --simulate -c settings.txt --input-net cascadeA1.xml
Launcher Type: SUN_STANDARD

Environment Variables:
PATH=/home/ameen/torch/install/bin:/home/ameen/torch/install/bin:/opt/OpenPrinting-Gutenprint/sbin:/opt/OpenPrinting-Gutenprint/bin:/usr/local/sbin:/usr/local/bin:/usr/sbin:/usr/bin:/sbin:/bin:/usr/games:/usr/local/games
LD_LIBRARY_PATH=/home/ameen/torch/install/lib:/home/ameen/torch/install/lib:
SHELL=/bin/bash
DISPLAY=:0
DYLD_LIBRARY_PATH=/home/ameen/torch/install/lib:/home/ameen/torch/install/lib:

Signal Handlers:
SIGSEGV: [libjvm.so+0x9548f0], sa_mask[0]=0x7ffbfeff, sa_flags=0x10000004
SIGBUS: [libjvm.so+0x9548f0], sa_mask[0]=0x7ffbfeff, sa_flags=0x10000004
SIGFPE: [libjvm.so+0x7cb0b0], sa_mask[0]=0x7ffbfeff, sa_flags=0x10000004
SIGPIPE: [libjvm.so+0x7cb0b0], sa_mask[0]=0x7ffbfeff, sa_flags=0x10000004
SIGXFSZ: [libjvm.so+0x7cb0b0], sa_mask[0]=0x7ffbfeff, sa_flags=0x10000004
SIGILL: [libjvm.so+0x7cb0b0], sa_mask[0]=0x7ffbfeff, sa_flags=0x10000004
SIGUSR1: SIG_DFL, sa_mask[0]=0x00000000, sa_flags=0x00000000
SIGUSR2: [libjvm.so+0x7caf50], sa_mask[0]=0x00000000, sa_flags=0x10000004
SIGHUP: SIG_DFL, sa_mask[0]=0x00000000, sa_flags=0x00000000
SIGINT: SIG_DFL, sa_mask[0]=0x00000000, sa_flags=0x00000000
SIGTERM: SIG_DFL, sa_mask[0]=0x00000000, sa_flags=0x00000000
SIGQUIT: SIG_DFL, sa_mask[0]=0x00000000, sa_flags=0x00000000
SIGTRAP: SIG_DFL, sa_mask[0]=0x00000000, sa_flags=0x00000000


---------------  S Y S T E M  ---------------

OS:Ubuntu 14.04 (trusty)
uname:Linux 3.19.0-25-generic #26~14.04.1-Ubuntu SMP Fri Jul 24 21:16:20 UTC 2015 x86_64
libc:glibc 2.19 NPTL 2.19 
rlimit: STACK 8192k, CORE 0k, NPROC 15256, NOFILE 4096, AS infinity
load average:0.78 0.80 0.74

/proc/meminfo:
MemTotal:        3927060 kB
MemFree:          687528 kB
MemAvailable:    1797436 kB
Buffers:          221536 kB
Cached:          1438672 kB
SwapCached:            0 kB
Active:          2188624 kB
Inactive:         814896 kB
Active(anon):    1371792 kB
Inactive(anon):   400104 kB
Active(file):     816832 kB
Inactive(file):   414792 kB
Unevictable:         192 kB
Mlocked:             192 kB
SwapTotal:             0 kB
SwapFree:              0 kB
Dirty:              4480 kB
Writeback:             0 kB
AnonPages:       1343520 kB
Mapped:           381160 kB
Shmem:            428584 kB
Slab:             133444 kB
SReclaimable:      94452 kB
SUnreclaim:        38992 kB
KernelStack:        9168 kB
PageTables:        39980 kB
NFS_Unstable:          0 kB
Bounce:                0 kB
WritebackTmp:          0 kB
CommitLimit:     1963528 kB
Committed_AS:    5958980 kB
VmallocTotal:   34359738367 kB
VmallocUsed:      348180 kB
VmallocChunk:   34359383516 kB
HardwareCorrupted:     0 kB
AnonHugePages:    358400 kB
CmaTotal:              0 kB
CmaFree:               0 kB
HugePages_Total:       0
HugePages_Free:        0
HugePages_Rsvd:        0
HugePages_Surp:        0
Hugepagesize:       2048 kB
DirectMap4k:      190080 kB
DirectMap2M:     3885056 kB


CPU:total 4 (2 cores per cpu, 2 threads per core) family 6 model 42 stepping 7, cmov, cx8, fxsr, mmx, sse, sse2, sse3, ssse3, sse4.1, sse4.2, popcnt, avx, aes, ht, tsc, tscinvbit

/proc/cpuinfo:
processor	: 0
vendor_id	: GenuineIntel
cpu family	: 6
model		: 42
model name	: Intel(R) Core(TM) i5-2520M CPU @ 2.50GHz
stepping	: 7
microcode	: 0x29
cpu MHz		: 1326.074
cache size	: 3072 KB
physical id	: 0
siblings	: 4
core id		: 0
cpu cores	: 2
apicid		: 0
initial apicid	: 0
fpu		: yes
fpu_exception	: yes
cpuid level	: 13
wp		: yes
flags		: fpu vme de pse tsc msr pae mce cx8 apic sep mtrr pge mca cmov pat pse36 clflush dts acpi mmx fxsr sse sse2 ss ht tm pbe syscall nx rdtscp lm constant_tsc arch_perfmon pebs bts nopl xtopology nonstop_tsc aperfmperf eagerfpu pni pclmulqdq dtes64 monitor ds_cpl vmx smx est tm2 ssse3 cx16 xtpr pdcm pcid sse4_1 sse4_2 x2apic popcnt tsc_deadline_timer aes xsave avx lahf_lm ida arat epb pln pts dtherm tpr_shadow vnmi flexpriority ept vpid xsaveopt
bugs		:
bogomips	: 4983.98
clflush size	: 64
cache_alignment	: 64
address sizes	: 36 bits physical, 48 bits virtual
power management:

processor	: 1
vendor_id	: GenuineIntel
cpu family	: 6
model		: 42
model name	: Intel(R) Core(TM) i5-2520M CPU @ 2.50GHz
stepping	: 7
microcode	: 0x29
cpu MHz		: 1386.523
cache size	: 3072 KB
physical id	: 0
siblings	: 4
core id		: 0
cpu cores	: 2
apicid		: 1
initial apicid	: 1
fpu		: yes
fpu_exception	: yes
cpuid level	: 13
wp		: yes
flags		: fpu vme de pse tsc msr pae mce cx8 apic sep mtrr pge mca cmov pat pse36 clflush dts acpi mmx fxsr sse sse2 ss ht tm pbe syscall nx rdtscp lm constant_tsc arch_perfmon pebs bts nopl xtopology nonstop_tsc aperfmperf eagerfpu pni pclmulqdq dtes64 monitor ds_cpl vmx smx est tm2 ssse3 cx16 xtpr pdcm pcid sse4_1 sse4_2 x2apic popcnt tsc_deadline_timer aes xsave avx lahf_lm ida arat epb pln pts dtherm tpr_shadow vnmi flexpriority ept vpid xsaveopt
bugs		:
bogomips	: 4983.98
clflush size	: 64
cache_alignment	: 64
address sizes	: 36 bits physical, 48 bits virtual
power management:

processor	: 2
vendor_id	: GenuineIntel
cpu family	: 6
model		: 42
model name	: Intel(R) Core(TM) i5-2520M CPU @ 2.50GHz
stepping	: 7
microcode	: 0x29
cpu MHz		: 1187.402
cache size	: 3072 KB
physical id	: 0
siblings	: 4
core id		: 1
cpu cores	: 2
apicid		: 2
initial apicid	: 2
fpu		: yes
fpu_exception	: yes
cpuid level	: 13
wp		: yes
flags		: fpu vme de pse tsc msr pae mce cx8 apic sep mtrr pge mca cmov pat pse36 clflush dts acpi mmx fxsr sse sse2 ss ht tm pbe syscall nx rdtscp lm constant_tsc arch_perfmon pebs bts nopl xtopology nonstop_tsc aperfmperf eagerfpu pni pclmulqdq dtes64 monitor ds_cpl vmx smx est tm2 ssse3 cx16 xtpr pdcm pcid sse4_1 sse4_2 x2apic popcnt tsc_deadline_timer aes xsave avx lahf_lm ida arat epb pln pts dtherm tpr_shadow vnmi flexpriority ept vpid xsaveopt
bugs		:
bogomips	: 4983.98
clflush size	: 64
cache_alignment	: 64
address sizes	: 36 bits physical, 48 bits virtual
power management:

processor	: 3
vendor_id	: GenuineIntel
cpu family	: 6
model		: 42
model name	: Intel(R) Core(TM) i5-2520M CPU @ 2.50GHz
stepping	: 7
microcode	: 0x29
cpu MHz		: 1327.734
cache size	: 3072 KB
physical id	: 0
siblings	: 4
core id		: 1
cpu cores	: 2
apicid		: 3
initial apicid	: 3
fpu		: yes
fpu_exception	: yes
cpuid level	: 13
wp		: yes
flags		: fpu vme de pse tsc msr pae mce cx8 apic sep mtrr pge mca cmov pat pse36 clflush dts acpi mmx fxsr sse sse2 ss ht tm pbe syscall nx rdtscp lm constant_tsc arch_perfmon pebs bts nopl xtopology nonstop_tsc aperfmperf eagerfpu pni pclmulqdq dtes64 monitor ds_cpl vmx smx est tm2 ssse3 cx16 xtpr pdcm pcid sse4_1 sse4_2 x2apic popcnt tsc_deadline_timer aes xsave avx lahf_lm ida arat epb pln pts dtherm tpr_shadow vnmi flexpriority ept vpid xsaveopt
bugs		:
bogomips	: 4983.98
clflush size	: 64
cache_alignment	: 64
address sizes	: 36 bits physical, 48 bits virtual
power management:



Memory: 4k page, physical 3927060k(687528k free), swap 0k(0k free)

vm_info: OpenJDK 64-Bit Server VM (24.91-b01) for linux-amd64 JRE (1.7.0_91-b02), built on Nov 19 2015 06:14:37 by "buildd" with gcc 4.8.2

time: Wed Feb 17 20:17:30 2016
elapsed time: 0 seconds

