#
# There is insufficient memory for the Java Runtime Environment to continue.
# Native memory allocation (malloc) failed to allocate 2102591488 bytes for committing reserved memory.
# Possible reasons:
#   The system is out of physical RAM or swap space
#   In 32 bit mode, the process size limit was hit
# Possible solutions:
#   Reduce memory load on the system
#   Increase physical memory or swap space
#   Check if swap backing store is full
#   Use 64 bit Java on a 64 bit OS
#   Decrease Java heap size (-Xmx/-Xms)
#   Decrease number of Java threads
#   Decrease Java thread stack sizes (-Xss)
#   Set larger code cache with -XX:ReservedCodeCacheSize=
# This output file may be truncated or incomplete.
#
#  Out of Memory Error (os_linux.cpp:2827), pid=22878, tid=140430688368384
#
# JRE version:  (7.0_91-b02) (build )
# Java VM: OpenJDK 64-Bit Server VM (24.91-b01 mixed mode linux-amd64 )
# Derivative: IcedTea 2.6.3
# Distribution: Ubuntu 14.04 LTS, package 7u91-2.6.3-0ubuntu0.14.04.1
# Failed to write core dump. Core dumps have been disabled. To enable core dumping, try "ulimit -c unlimited" before starting Java again
#

---------------  T H R E A D  ---------------

Current thread (0x00007fb88800a000):  JavaThread "Unknown thread" [_thread_in_vm, id=22879, stack(0x00007fb8913bb000,0x00007fb8914bc000)]

Stack: [0x00007fb8913bb000,0x00007fb8914bc000],  sp=0x00007fb8914ba4a0,  free space=1021k
Native frames: (J=compiled Java code, j=interpreted, Vv=VM code, C=native code)
V  [libjvm.so+0x953e15]  VMError::report_and_die()+0x175
V  [libjvm.so+0x48fd94]  report_vm_out_of_memory(char const*, int, unsigned long, char const*)+0x74
V  [libjvm.so+0x7cf87b]  os::pd_commit_memory(char*, unsigned long, unsigned long, bool)+0xeb
V  [libjvm.so+0x7ca33f]  os::commit_memory(char*, unsigned long, unsigned long, bool)+0x1f
V  [libjvm.so+0x83dacb]  PSVirtualSpace::expand_by(unsigned long)+0x5b
V  [libjvm.so+0x7e9095]  ParMarkBitMap::initialize(MemRegion)+0x1e5
V  [libjvm.so+0x836b20]  PSParallelCompact::initialize()+0x1a0
V  [libjvm.so+0x7f1145]  ParallelScavengeHeap::initialize()+0x805
V  [libjvm.so+0x9247b7]  Universe::initialize_heap()+0xc7
V  [libjvm.so+0x924ae7]  universe_init()+0x67
V  [libjvm.so+0x5a2dd5]  init_globals()+0x55
V  [libjvm.so+0x90a4cf]  Threads::create_vm(JavaVMInitArgs*, bool*)+0x35f
V  [libjvm.so+0x60e834]  JNI_CreateJavaVM+0x54
C  [libjli.so+0x2b48]


---------------  P R O C E S S  ---------------

Java Threads: ( => current thread )

Other Threads:

=>0x00007fb88800a000 (exited) JavaThread "Unknown thread" [_thread_in_vm, id=22879, stack(0x00007fb8913bb000,0x00007fb8914bc000)]

VM state:not at safepoint (not fully initialized)

VM Mutex/Monitor currently owned by a thread: None

GC Heap History (0 events):
No events

Deoptimization events (0 events):
No events

Internal exceptions (0 events):
No events

Events (0 events):
No events


Dynamic libraries:
00400000-00401000 r-xp 00000000 08:05 286538                             /usr/lib/jvm/java-7-openjdk-amd64/jre/bin/java
00600000-00601000 r--p 00000000 08:05 286538                             /usr/lib/jvm/java-7-openjdk-amd64/jre/bin/java
00601000-00602000 rw-p 00001000 08:05 286538                             /usr/lib/jvm/java-7-openjdk-amd64/jre/bin/java
0140a000-0142b000 rw-p 00000000 00:00 0                                  [heap]
7fa8b8000000-7fa8b8021000 rw-p 00000000 00:00 0 
7fa8b8021000-7fa8bc000000 ---p 00000000 00:00 0 
7fa8bc000000-7fa8bc021000 rw-p 00000000 00:00 0 
7fa8bc021000-7fa8c0000000 ---p 00000000 00:00 0 
7fa8c0000000-7fa8c0021000 rw-p 00000000 00:00 0 
7fa8c0021000-7fa8c4000000 ---p 00000000 00:00 0 
7fa8c8000000-7fa8c8021000 rw-p 00000000 00:00 0 
7fa8c8021000-7fa8cc000000 ---p 00000000 00:00 0 
7fa8cd956000-7fa8cd96a000 rw-p 00000000 00:00 0 
7fa8cd96a000-7fa8d2cac000 rw-p 00000000 00:00 0 
7fa8d2cac000-7fa8d2cb7000 rw-p 00000000 00:00 0 
7fa8d2cb7000-7fa8d2cff000 rw-p 00000000 00:00 0 
7fa8d2cff000-7fa8d2d13000 rw-p 00000000 00:00 0 
7fa8d2d13000-7fa8d8054000 rw-p 00000000 00:00 0 
7fa8d8054000-7fa8d805f000 rw-p 00000000 00:00 0 
7fa8d805f000-7fa8da9ff000 rw-p 00000000 00:00 0 
7fa8da9ff000-7fa8dbf00000 rw-p 00000000 00:00 0 
7fa8dbf00000-7fa8e5000000 rw-p 00000000 00:00 0 
7fa8e5000000-7fa8e7800000 rw-p 00000000 00:00 0 
7fa8e7800000-7fb34fa80000 rw-p 00000000 00:00 0 
7fb34fa80000-7fb350e80000 rw-p 00000000 00:00 0 
7fb350e80000-7fb885000000 rw-p 00000000 00:00 0 
7fb885000000-7fb885270000 rwxp 00000000 00:00 0 
7fb885270000-7fb88802e000 rw-p 00000000 00:00 0 
7fb88802e000-7fb88c000000 ---p 00000000 00:00 0 
7fb88d95f000-7fb88db9a000 rw-p 00000000 00:00 0 
7fb88db9a000-7fb88db9b000 ---p 00000000 00:00 0 
7fb88db9b000-7fb88dc9b000 rw-p 00000000 00:00 0                          [stack:22883]
7fb88dc9b000-7fb88dc9c000 ---p 00000000 00:00 0 
7fb88dc9c000-7fb88dd9c000 rw-p 00000000 00:00 0                          [stack:22882]
7fb88dd9c000-7fb88dd9d000 ---p 00000000 00:00 0 
7fb88dd9d000-7fb88de9d000 rw-p 00000000 00:00 0                          [stack:22881]
7fb88de9d000-7fb88de9e000 ---p 00000000 00:00 0 
7fb88de9e000-7fb88dfa9000 rw-p 00000000 00:00 0                          [stack:22880]
7fb88dfa9000-7fb88dff1000 rw-p 00000000 00:00 0 
7fb88dff1000-7fb88dff9000 r-xp 00000000 08:05 286572                     /usr/lib/jvm/java-7-openjdk-amd64/jre/lib/amd64/libzip.so
7fb88dff9000-7fb88e1f8000 ---p 00008000 08:05 286572                     /usr/lib/jvm/java-7-openjdk-amd64/jre/lib/amd64/libzip.so
7fb88e1f8000-7fb88e1f9000 r--p 00007000 08:05 286572                     /usr/lib/jvm/java-7-openjdk-amd64/jre/lib/amd64/libzip.so
7fb88e1f9000-7fb88e1fa000 rw-p 00008000 08:05 286572                     /usr/lib/jvm/java-7-openjdk-amd64/jre/lib/amd64/libzip.so
7fb88e1fa000-7fb88e205000 r-xp 00000000 08:05 918780                     /lib/x86_64-linux-gnu/libnss_files-2.19.so
7fb88e205000-7fb88e404000 ---p 0000b000 08:05 918780                     /lib/x86_64-linux-gnu/libnss_files-2.19.so
7fb88e404000-7fb88e405000 r--p 0000a000 08:05 918780                     /lib/x86_64-linux-gnu/libnss_files-2.19.so
7fb88e405000-7fb88e406000 rw-p 0000b000 08:05 918780                     /lib/x86_64-linux-gnu/libnss_files-2.19.so
7fb88e406000-7fb88e411000 r-xp 00000000 08:05 918790                     /lib/x86_64-linux-gnu/libnss_nis-2.19.so
7fb88e411000-7fb88e610000 ---p 0000b000 08:05 918790                     /lib/x86_64-linux-gnu/libnss_nis-2.19.so
7fb88e610000-7fb88e611000 r--p 0000a000 08:05 918790                     /lib/x86_64-linux-gnu/libnss_nis-2.19.so
7fb88e611000-7fb88e612000 rw-p 0000b000 08:05 918790                     /lib/x86_64-linux-gnu/libnss_nis-2.19.so
7fb88e612000-7fb88e629000 r-xp 00000000 08:05 918774                     /lib/x86_64-linux-gnu/libnsl-2.19.so
7fb88e629000-7fb88e828000 ---p 00017000 08:05 918774                     /lib/x86_64-linux-gnu/libnsl-2.19.so
7fb88e828000-7fb88e829000 r--p 00016000 08:05 918774                     /lib/x86_64-linux-gnu/libnsl-2.19.so
7fb88e829000-7fb88e82a000 rw-p 00017000 08:05 918774                     /lib/x86_64-linux-gnu/libnsl-2.19.so
7fb88e82a000-7fb88e82c000 rw-p 00000000 00:00 0 
7fb88e82c000-7fb88e835000 r-xp 00000000 08:05 918776                     /lib/x86_64-linux-gnu/libnss_compat-2.19.so
7fb88e835000-7fb88ea34000 ---p 00009000 08:05 918776                     /lib/x86_64-linux-gnu/libnss_compat-2.19.so
7fb88ea34000-7fb88ea35000 r--p 00008000 08:05 918776                     /lib/x86_64-linux-gnu/libnss_compat-2.19.so
7fb88ea35000-7fb88ea36000 rw-p 00009000 08:05 918776                     /lib/x86_64-linux-gnu/libnss_compat-2.19.so
7fb88ea36000-7fb88ea61000 r-xp 00000000 08:05 286580                     /usr/lib/jvm/java-7-openjdk-amd64/jre/lib/amd64/libjava.so
7fb88ea61000-7fb88ec61000 ---p 0002b000 08:05 286580                     /usr/lib/jvm/java-7-openjdk-amd64/jre/lib/amd64/libjava.so
7fb88ec61000-7fb88ec62000 r--p 0002b000 08:05 286580                     /usr/lib/jvm/java-7-openjdk-amd64/jre/lib/amd64/libjava.so
7fb88ec62000-7fb88ec64000 rw-p 0002c000 08:05 286580                     /usr/lib/jvm/java-7-openjdk-amd64/jre/lib/amd64/libjava.so
7fb88ec64000-7fb88ec74000 r-xp 00000000 08:05 286596                     /usr/lib/jvm/java-7-openjdk-amd64/jre/lib/amd64/libverify.so
7fb88ec74000-7fb88ee73000 ---p 00010000 08:05 286596                     /usr/lib/jvm/java-7-openjdk-amd64/jre/lib/amd64/libverify.so
7fb88ee73000-7fb88ee75000 r--p 0000f000 08:05 286596                     /usr/lib/jvm/java-7-openjdk-amd64/jre/lib/amd64/libverify.so
7fb88ee75000-7fb88ee76000 rw-p 00011000 08:05 286596                     /usr/lib/jvm/java-7-openjdk-amd64/jre/lib/amd64/libverify.so
7fb88ee76000-7fb88ee7d000 r-xp 00000000 08:05 918833                     /lib/x86_64-linux-gnu/librt-2.19.so
7fb88ee7d000-7fb88f07c000 ---p 00007000 08:05 918833                     /lib/x86_64-linux-gnu/librt-2.19.so
7fb88f07c000-7fb88f07d000 r--p 00006000 08:05 918833                     /lib/x86_64-linux-gnu/librt-2.19.so
7fb88f07d000-7fb88f07e000 rw-p 00007000 08:05 918833                     /lib/x86_64-linux-gnu/librt-2.19.so
7fb88f07e000-7fb88f094000 r-xp 00000000 08:05 918732                     /lib/x86_64-linux-gnu/libgcc_s.so.1
7fb88f094000-7fb88f293000 ---p 00016000 08:05 918732                     /lib/x86_64-linux-gnu/libgcc_s.so.1
7fb88f293000-7fb88f294000 rw-p 00015000 08:05 918732                     /lib/x86_64-linux-gnu/libgcc_s.so.1
7fb88f294000-7fb88f399000 r-xp 00000000 08:05 918755                     /lib/x86_64-linux-gnu/libm-2.19.so
7fb88f399000-7fb88f598000 ---p 00105000 08:05 918755                     /lib/x86_64-linux-gnu/libm-2.19.so
7fb88f598000-7fb88f599000 r--p 00104000 08:05 918755                     /lib/x86_64-linux-gnu/libm-2.19.so
7fb88f599000-7fb88f59a000 rw-p 00105000 08:05 918755                     /lib/x86_64-linux-gnu/libm-2.19.so
7fb88f59a000-7fb88f680000 r-xp 00000000 08:05 272722                     /usr/lib/x86_64-linux-gnu/libstdc++.so.6.0.19
7fb88f680000-7fb88f87f000 ---p 000e6000 08:05 272722                     /usr/lib/x86_64-linux-gnu/libstdc++.so.6.0.19
7fb88f87f000-7fb88f887000 r--p 000e5000 08:05 272722                     /usr/lib/x86_64-linux-gnu/libstdc++.so.6.0.19
7fb88f887000-7fb88f889000 rw-p 000ed000 08:05 272722                     /usr/lib/x86_64-linux-gnu/libstdc++.so.6.0.19
7fb88f889000-7fb88f89e000 rw-p 00000000 00:00 0 
7fb88f89e000-7fb8903c2000 r-xp 00000000 08:05 286587                     /usr/lib/jvm/java-7-openjdk-amd64/jre/lib/amd64/server/libjvm.so
7fb8903c2000-7fb8905c2000 ---p 00b24000 08:05 286587                     /usr/lib/jvm/java-7-openjdk-amd64/jre/lib/amd64/server/libjvm.so
7fb8905c2000-7fb89065c000 r--p 00b24000 08:05 286587                     /usr/lib/jvm/java-7-openjdk-amd64/jre/lib/amd64/server/libjvm.so
7fb89065c000-7fb89067f000 rw-p 00bbe000 08:05 286587                     /usr/lib/jvm/java-7-openjdk-amd64/jre/lib/amd64/server/libjvm.so
7fb89067f000-7fb8906ad000 rw-p 00000000 00:00 0 
7fb8906ad000-7fb8906c5000 r-xp 00000000 08:05 918868                     /lib/x86_64-linux-gnu/libz.so.1.2.8
7fb8906c5000-7fb8908c4000 ---p 00018000 08:05 918868                     /lib/x86_64-linux-gnu/libz.so.1.2.8
7fb8908c4000-7fb8908c5000 r--p 00017000 08:05 918868                     /lib/x86_64-linux-gnu/libz.so.1.2.8
7fb8908c5000-7fb8908c6000 rw-p 00018000 08:05 918868                     /lib/x86_64-linux-gnu/libz.so.1.2.8
7fb8908c6000-7fb8908df000 r-xp 00000000 08:05 918825                     /lib/x86_64-linux-gnu/libpthread-2.19.so
7fb8908df000-7fb890ade000 ---p 00019000 08:05 918825                     /lib/x86_64-linux-gnu/libpthread-2.19.so
7fb890ade000-7fb890adf000 r--p 00018000 08:05 918825                     /lib/x86_64-linux-gnu/libpthread-2.19.so
7fb890adf000-7fb890ae0000 rw-p 00019000 08:05 918825                     /lib/x86_64-linux-gnu/libpthread-2.19.so
7fb890ae0000-7fb890ae4000 rw-p 00000000 00:00 0 
7fb890ae4000-7fb890ae7000 r-xp 00000000 08:05 918722                     /lib/x86_64-linux-gnu/libdl-2.19.so
7fb890ae7000-7fb890ce6000 ---p 00003000 08:05 918722                     /lib/x86_64-linux-gnu/libdl-2.19.so
7fb890ce6000-7fb890ce7000 r--p 00002000 08:05 918722                     /lib/x86_64-linux-gnu/libdl-2.19.so
7fb890ce7000-7fb890ce8000 rw-p 00003000 08:05 918722                     /lib/x86_64-linux-gnu/libdl-2.19.so
7fb890ce8000-7fb890ea3000 r-xp 00000000 08:05 918705                     /lib/x86_64-linux-gnu/libc-2.19.so
7fb890ea3000-7fb8910a2000 ---p 001bb000 08:05 918705                     /lib/x86_64-linux-gnu/libc-2.19.so
7fb8910a2000-7fb8910a6000 r--p 001ba000 08:05 918705                     /lib/x86_64-linux-gnu/libc-2.19.so
7fb8910a6000-7fb8910a8000 rw-p 001be000 08:05 918705                     /lib/x86_64-linux-gnu/libc-2.19.so
7fb8910a8000-7fb8910ad000 rw-p 00000000 00:00 0 
7fb8910ad000-7fb8910ba000 r-xp 00000000 08:05 286598                     /usr/lib/jvm/java-7-openjdk-amd64/jre/lib/amd64/jli/libjli.so
7fb8910ba000-7fb8912b9000 ---p 0000d000 08:05 286598                     /usr/lib/jvm/java-7-openjdk-amd64/jre/lib/amd64/jli/libjli.so
7fb8912b9000-7fb8912ba000 r--p 0000c000 08:05 286598                     /usr/lib/jvm/java-7-openjdk-amd64/jre/lib/amd64/jli/libjli.so
7fb8912ba000-7fb8912bb000 rw-p 0000d000 08:05 286598                     /usr/lib/jvm/java-7-openjdk-amd64/jre/lib/amd64/jli/libjli.so
7fb8912bb000-7fb8912de000 r-xp 00000000 08:05 918681                     /lib/x86_64-linux-gnu/ld-2.19.so
7fb8912fb000-7fb891305000 rw-p 00000000 00:00 0 
7fb891305000-7fb8913bb000 rw-p 00000000 00:00 0 
7fb8913bb000-7fb8913be000 ---p 00000000 00:00 0 
7fb8913be000-7fb8914c1000 rw-p 00000000 00:00 0                          [stack:22879]
7fb8914cf000-7fb8914d1000 rw-p 00000000 00:00 0 
7fb8914d1000-7fb8914d9000 rw-s 00000000 08:05 945480                     /tmp/hsperfdata_ameen/22878
7fb8914d9000-7fb8914da000 rw-p 00000000 00:00 0 
7fb8914da000-7fb8914db000 r--p 00000000 00:00 0 
7fb8914db000-7fb8914dd000 rw-p 00000000 00:00 0 
7fb8914dd000-7fb8914de000 r--p 00022000 08:05 918681                     /lib/x86_64-linux-gnu/ld-2.19.so
7fb8914de000-7fb8914df000 rw-p 00023000 08:05 918681                     /lib/x86_64-linux-gnu/ld-2.19.so
7fb8914df000-7fb8914e0000 rw-p 00000000 00:00 0 
7ffc17b46000-7ffc17b68000 rw-p 00000000 00:00 0                          [stack]
7ffc17b9d000-7ffc17b9f000 r--p 00000000 00:00 0                          [vvar]
7ffc17b9f000-7ffc17ba1000 r-xp 00000000 00:00 0                          [vdso]
ffffffffff600000-ffffffffff601000 r-xp 00000000 00:00 0                  [vsyscall]

VM Arguments:
jvm_args: -Xmx64000m 
java_command: ../gnw-3.1.2b.jar --simulate -c settings.txt --input-net cascadeB.xml
Launcher Type: SUN_STANDARD

Environment Variables:
PATH=/home/ameen/torch/install/bin:/home/ameen/torch/install/bin:/opt/OpenPrinting-Gutenprint/sbin:/opt/OpenPrinting-Gutenprint/bin:/usr/local/sbin:/usr/local/bin:/usr/sbin:/usr/bin:/sbin:/bin:/usr/games:/usr/local/games
LD_LIBRARY_PATH=/home/ameen/torch/install/lib:/home/ameen/torch/install/lib:
SHELL=/bin/bash
DISPLAY=:0
DYLD_LIBRARY_PATH=/home/ameen/torch/install/lib:/home/ameen/torch/install/lib:

Signal Handlers:
SIGSEGV: [libjvm.so+0x9548f0], sa_mask[0]=0x7ffbfeff, sa_flags=0x10000004
SIGBUS: [libjvm.so+0x9548f0], sa_mask[0]=0x7ffbfeff, sa_flags=0x10000004
SIGFPE: [libjvm.so+0x7cb0b0], sa_mask[0]=0x7ffbfeff, sa_flags=0x10000004
SIGPIPE: [libjvm.so+0x7cb0b0], sa_mask[0]=0x7ffbfeff, sa_flags=0x10000004
SIGXFSZ: [libjvm.so+0x7cb0b0], sa_mask[0]=0x7ffbfeff, sa_flags=0x10000004
SIGILL: [libjvm.so+0x7cb0b0], sa_mask[0]=0x7ffbfeff, sa_flags=0x10000004
SIGUSR1: SIG_DFL, sa_mask[0]=0x00000000, sa_flags=0x00000000
SIGUSR2: [libjvm.so+0x7caf50], sa_mask[0]=0x00000000, sa_flags=0x10000004
SIGHUP: SIG_DFL, sa_mask[0]=0x00000000, sa_flags=0x00000000
SIGINT: SIG_DFL, sa_mask[0]=0x00000000, sa_flags=0x00000000
SIGTERM: SIG_DFL, sa_mask[0]=0x00000000, sa_flags=0x00000000
SIGQUIT: SIG_DFL, sa_mask[0]=0x00000000, sa_flags=0x00000000
SIGTRAP: SIG_DFL, sa_mask[0]=0x00000000, sa_flags=0x00000000


---------------  S Y S T E M  ---------------

OS:Ubuntu 14.04 (trusty)
uname:Linux 3.19.0-25-generic #26~14.04.1-Ubuntu SMP Fri Jul 24 21:16:20 UTC 2015 x86_64
libc:glibc 2.19 NPTL 2.19 
rlimit: STACK 8192k, CORE 0k, NPROC 15256, NOFILE 4096, AS infinity
load average:0.44 0.73 0.79

/proc/meminfo:
MemTotal:        3927060 kB
MemFree:          506172 kB
MemAvailable:    1596600 kB
Buffers:          192724 kB
Cached:          1479288 kB
SwapCached:            0 kB
Active:          2326772 kB
Inactive:         875432 kB
Active(anon):    1560300 kB
Inactive(anon):   422608 kB
Active(file):     766472 kB
Inactive(file):   452824 kB
Unevictable:         224 kB
Mlocked:             224 kB
SwapTotal:             0 kB
SwapFree:              0 kB
Dirty:               532 kB
Writeback:             0 kB
AnonPages:       1530276 kB
Mapped:           411604 kB
Shmem:            452716 kB
Slab:             118624 kB
SReclaimable:      80148 kB
SUnreclaim:        38476 kB
KernelStack:        9248 kB
PageTables:        40480 kB
NFS_Unstable:          0 kB
Bounce:                0 kB
WritebackTmp:          0 kB
CommitLimit:     1963528 kB
Committed_AS:    6210204 kB
VmallocTotal:   34359738367 kB
VmallocUsed:      348180 kB
VmallocChunk:   34359383516 kB
HardwareCorrupted:     0 kB
AnonHugePages:    425984 kB
CmaTotal:              0 kB
CmaFree:               0 kB
HugePages_Total:       0
HugePages_Free:        0
HugePages_Rsvd:        0
HugePages_Surp:        0
Hugepagesize:       2048 kB
DirectMap4k:      190080 kB
DirectMap2M:     3885056 kB


CPU:total 4 (2 cores per cpu, 2 threads per core) family 6 model 42 stepping 7, cmov, cx8, fxsr, mmx, sse, sse2, sse3, ssse3, sse4.1, sse4.2, popcnt, avx, aes, ht, tsc, tscinvbit

/proc/cpuinfo:
processor	: 0
vendor_id	: GenuineIntel
cpu family	: 6
model		: 42
model name	: Intel(R) Core(TM) i5-2520M CPU @ 2.50GHz
stepping	: 7
microcode	: 0x29
cpu MHz		: 1598.828
cache size	: 3072 KB
physical id	: 0
siblings	: 4
core id		: 0
cpu cores	: 2
apicid		: 0
initial apicid	: 0
fpu		: yes
fpu_exception	: yes
cpuid level	: 13
wp		: yes
flags		: fpu vme de pse tsc msr pae mce cx8 apic sep mtrr pge mca cmov pat pse36 clflush dts acpi mmx fxsr sse sse2 ss ht tm pbe syscall nx rdtscp lm constant_tsc arch_perfmon pebs bts nopl xtopology nonstop_tsc aperfmperf eagerfpu pni pclmulqdq dtes64 monitor ds_cpl vmx smx est tm2 ssse3 cx16 xtpr pdcm pcid sse4_1 sse4_2 x2apic popcnt tsc_deadline_timer aes xsave avx lahf_lm ida arat epb pln pts dtherm tpr_shadow vnmi flexpriority ept vpid xsaveopt
bugs		:
bogomips	: 4983.98
clflush size	: 64
cache_alignment	: 64
address sizes	: 36 bits physical, 48 bits virtual
power management:

processor	: 1
vendor_id	: GenuineIntel
cpu family	: 6
model		: 42
model name	: Intel(R) Core(TM) i5-2520M CPU @ 2.50GHz
stepping	: 7
microcode	: 0x29
cpu MHz		: 1606.347
cache size	: 3072 KB
physical id	: 0
siblings	: 4
core id		: 0
cpu cores	: 2
apicid		: 1
initial apicid	: 1
fpu		: yes
fpu_exception	: yes
cpuid level	: 13
wp		: yes
flags		: fpu vme de pse tsc msr pae mce cx8 apic sep mtrr pge mca cmov pat pse36 clflush dts acpi mmx fxsr sse sse2 ss ht tm pbe syscall nx rdtscp lm constant_tsc arch_perfmon pebs bts nopl xtopology nonstop_tsc aperfmperf eagerfpu pni pclmulqdq dtes64 monitor ds_cpl vmx smx est tm2 ssse3 cx16 xtpr pdcm pcid sse4_1 sse4_2 x2apic popcnt tsc_deadline_timer aes xsave avx lahf_lm ida arat epb pln pts dtherm tpr_shadow vnmi flexpriority ept vpid xsaveopt
bugs		:
bogomips	: 4983.98
clflush size	: 64
cache_alignment	: 64
address sizes	: 36 bits physical, 48 bits virtual
power management:

processor	: 2
vendor_id	: GenuineIntel
cpu family	: 6
model		: 42
model name	: Intel(R) Core(TM) i5-2520M CPU @ 2.50GHz
stepping	: 7
microcode	: 0x29
cpu MHz		: 1563.378
cache size	: 3072 KB
physical id	: 0
siblings	: 4
core id		: 1
cpu cores	: 2
apicid		: 2
initial apicid	: 2
fpu		: yes
fpu_exception	: yes
cpuid level	: 13
wp		: yes
flags		: fpu vme de pse tsc msr pae mce cx8 apic sep mtrr pge mca cmov pat pse36 clflush dts acpi mmx fxsr sse sse2 ss ht tm pbe syscall nx rdtscp lm constant_tsc arch_perfmon pebs bts nopl xtopology nonstop_tsc aperfmperf eagerfpu pni pclmulqdq dtes64 monitor ds_cpl vmx smx est tm2 ssse3 cx16 xtpr pdcm pcid sse4_1 sse4_2 x2apic popcnt tsc_deadline_timer aes xsave avx lahf_lm ida arat epb pln pts dtherm tpr_shadow vnmi flexpriority ept vpid xsaveopt
bugs		:
bogomips	: 4983.98
clflush size	: 64
cache_alignment	: 64
address sizes	: 36 bits physical, 48 bits virtual
power management:

processor	: 3
vendor_id	: GenuineIntel
cpu family	: 6
model		: 42
model name	: Intel(R) Core(TM) i5-2520M CPU @ 2.50GHz
stepping	: 7
microcode	: 0x29
cpu MHz		: 1580.566
cache size	: 3072 KB
physical id	: 0
siblings	: 4
core id		: 1
cpu cores	: 2
apicid		: 3
initial apicid	: 3
fpu		: yes
fpu_exception	: yes
cpuid level	: 13
wp		: yes
flags		: fpu vme de pse tsc msr pae mce cx8 apic sep mtrr pge mca cmov pat pse36 clflush dts acpi mmx fxsr sse sse2 ss ht tm pbe syscall nx rdtscp lm constant_tsc arch_perfmon pebs bts nopl xtopology nonstop_tsc aperfmperf eagerfpu pni pclmulqdq dtes64 monitor ds_cpl vmx smx est tm2 ssse3 cx16 xtpr pdcm pcid sse4_1 sse4_2 x2apic popcnt tsc_deadline_timer aes xsave avx lahf_lm ida arat epb pln pts dtherm tpr_shadow vnmi flexpriority ept vpid xsaveopt
bugs		:
bogomips	: 4983.98
clflush size	: 64
cache_alignment	: 64
address sizes	: 36 bits physical, 48 bits virtual
power management:



Memory: 4k page, physical 3927060k(506172k free), swap 0k(0k free)

vm_info: OpenJDK 64-Bit Server VM (24.91-b01) for linux-amd64 JRE (1.7.0_91-b02), built on Nov 19 2015 06:14:37 by "buildd" with gcc 4.8.2

time: Thu Feb 18 00:02:51 2016
elapsed time: 0 seconds

